[07-Jan-2016 23:23:20 UTC] PHP Notice:  Undefined index: key in /home/member/ripp_/public_html/tgphpc/Derpibooru/Derpibooru.php on line 80
[07-Jan-2016 23:23:40 UTC] PHP Notice:  Undefined index: key in /home/member/ripp_/public_html/tgphpc/Derpibooru/Derpibooru.php on line 80
[07-Jan-2016 23:24:00 UTC] PHP Notice:  Undefined index: key in /home/member/ripp_/public_html/tgphpc/Derpibooru/Derpibooru.php on line 80
[07-Jan-2016 23:24:05 UTC] PHP Notice:  Undefined index: key in /home/member/ripp_/public_html/tgphpc/Derpibooru/Derpibooru.php on line 80
[07-Jan-2016 23:24:06 UTC] PHP Notice:  Undefined index: key in /home/member/ripp_/public_html/tgphpc/Derpibooru/Derpibooru.php on line 80
[07-Jan-2016 23:24:07 UTC] PHP Notice:  Undefined index: key in /home/member/ripp_/public_html/tgphpc/Derpibooru/Derpibooru.php on line 80
[07-Jan-2016 23:24:08 UTC] PHP Notice:  Undefined index: key in /home/member/ripp_/public_html/tgphpc/Derpibooru/Derpibooru.php on line 80
[07-Jan-2016 23:24:10 UTC] PHP Notice:  Undefined index: key in /home/member/ripp_/public_html/tgphpc/Derpibooru/Derpibooru.php on line 80
[07-Jan-2016 23:25:17 UTC] PHP Notice:  Undefined index: key in /home/member/ripp_/public_html/tgphpc/Derpibooru/Derpibooru.php on line 80
[07-Jan-2016 23:25:17 UTC] PHP Notice:  Undefined index: key in /home/member/ripp_/public_html/tgphpc/Derpibooru/Derpibooru.php on line 80
[07-Jan-2016 23:25:19 UTC] PHP Notice:  Undefined index: key in /home/member/ripp_/public_html/tgphpc/Derpibooru/Derpibooru.php on line 80
[07-Jan-2016 23:25:21 UTC] PHP Notice:  Undefined index: key in /home/member/ripp_/public_html/tgphpc/Derpibooru/Derpibooru.php on line 80
[07-Jan-2016 23:25:21 UTC] PHP Notice:  Undefined index: key in /home/member/ripp_/public_html/tgphpc/Derpibooru/Derpibooru.php on line 80
[07-Jan-2016 23:25:22 UTC] PHP Notice:  Undefined index: key in /home/member/ripp_/public_html/tgphpc/Derpibooru/Derpibooru.php on line 80
[07-Jan-2016 23:25:23 UTC] PHP Notice:  Undefined index: key in /home/member/ripp_/public_html/tgphpc/Derpibooru/Derpibooru.php on line 80
[07-Jan-2016 23:25:24 UTC] PHP Notice:  Undefined index: key in /home/member/ripp_/public_html/tgphpc/Derpibooru/Derpibooru.php on line 80
[07-Jan-2016 23:25:25 UTC] PHP Notice:  Undefined index: key in /home/member/ripp_/public_html/tgphpc/Derpibooru/Derpibooru.php on line 80
[07-Jan-2016 23:25:28 UTC] PHP Notice:  Undefined index: key in /home/member/ripp_/public_html/tgphpc/Derpibooru/Derpibooru.php on line 80
[07-Jan-2016 23:25:29 UTC] PHP Notice:  Undefined index: key in /home/member/ripp_/public_html/tgphpc/Derpibooru/Derpibooru.php on line 80
[07-Jan-2016 23:25:42 UTC] PHP Notice:  Undefined index: key in /home/member/ripp_/public_html/tgphpc/Derpibooru/Derpibooru.php on line 80
[07-Jan-2016 23:25:44 UTC] PHP Notice:  Undefined index: key in /home/member/ripp_/public_html/tgphpc/Derpibooru/Derpibooru.php on line 80
[07-Jan-2016 23:27:15 UTC] PHP Notice:  Undefined index: key in /home/member/ripp_/public_html/tgphpc/Derpibooru/Derpibooru.php on line 80
[07-Jan-2016 23:27:18 UTC] PHP Notice:  Undefined index: key in /home/member/ripp_/public_html/tgphpc/Derpibooru/Derpibooru.php on line 80
[07-Jan-2016 23:27:19 UTC] PHP Notice:  Undefined index: key in /home/member/ripp_/public_html/tgphpc/Derpibooru/Derpibooru.php on line 80
[07-Jan-2016 23:28:04 UTC] PHP Notice:  Undefined index: key in /home/member/ripp_/public_html/tgphpc/Derpibooru/Derpibooru.php on line 80
[07-Jan-2016 23:28:11 UTC] PHP Notice:  Undefined index: key in /home/member/ripp_/public_html/tgphpc/Derpibooru/Derpibooru.php on line 80
[07-Jan-2016 23:28:13 UTC] PHP Notice:  Undefined index: key in /home/member/ripp_/public_html/tgphpc/Derpibooru/Derpibooru.php on line 80
[07-Jan-2016 23:28:14 UTC] PHP Notice:  Undefined index: key in /home/member/ripp_/public_html/tgphpc/Derpibooru/Derpibooru.php on line 80
[07-Jan-2016 23:28:15 UTC] PHP Notice:  Undefined index: key in /home/member/ripp_/public_html/tgphpc/Derpibooru/Derpibooru.php on line 80
[07-Jan-2016 23:28:16 UTC] PHP Notice:  Undefined index: key in /home/member/ripp_/public_html/tgphpc/Derpibooru/Derpibooru.php on line 80
[07-Jan-2016 23:28:18 UTC] PHP Notice:  Undefined index: key in /home/member/ripp_/public_html/tgphpc/Derpibooru/Derpibooru.php on line 80
[07-Jan-2016 23:28:20 UTC] PHP Notice:  Undefined index: key in /home/member/ripp_/public_html/tgphpc/Derpibooru/Derpibooru.php on line 80
[07-Jan-2016 23:28:21 UTC] PHP Notice:  Undefined index: key in /home/member/ripp_/public_html/tgphpc/Derpibooru/Derpibooru.php on line 80
[07-Jan-2016 23:28:22 UTC] PHP Notice:  Undefined index: key in /home/member/ripp_/public_html/tgphpc/Derpibooru/Derpibooru.php on line 80
[07-Jan-2016 23:28:39 UTC] PHP Notice:  Undefined index: key in /home/member/ripp_/public_html/tgphpc/Derpibooru/Derpibooru.php on line 80
[07-Jan-2016 23:28:42 UTC] PHP Notice:  Undefined index: key in /home/member/ripp_/public_html/tgphpc/Derpibooru/Derpibooru.php on line 80
[07-Jan-2016 23:28:44 UTC] PHP Notice:  Undefined index: key in /home/member/ripp_/public_html/tgphpc/Derpibooru/Derpibooru.php on line 80
[07-Jan-2016 23:28:44 UTC] PHP Notice:  Undefined index: key in /home/member/ripp_/public_html/tgphpc/Derpibooru/Derpibooru.php on line 80
[07-Jan-2016 23:28:45 UTC] PHP Notice:  Undefined index: key in /home/member/ripp_/public_html/tgphpc/Derpibooru/Derpibooru.php on line 80
[07-Jan-2016 23:28:45 UTC] PHP Notice:  Undefined index: key in /home/member/ripp_/public_html/tgphpc/Derpibooru/Derpibooru.php on line 80
[07-Jan-2016 23:28:59 UTC] PHP Notice:  Undefined index: key in /home/member/ripp_/public_html/tgphpc/Derpibooru/Derpibooru.php on line 80
[07-Jan-2016 23:29:00 UTC] PHP Notice:  Undefined index: key in /home/member/ripp_/public_html/tgphpc/Derpibooru/Derpibooru.php on line 80
[07-Jan-2016 23:29:13 UTC] PHP Notice:  Undefined variable: page in /home/member/ripp_/public_html/tgphpc/Derpibooru/Derpibooru.php on line 122
[07-Jan-2016 23:29:45 UTC] PHP Notice:  Undefined index: key in /home/member/ripp_/public_html/tgphpc/Derpibooru/Derpibooru.php on line 80
[07-Jan-2016 23:30:09 UTC] PHP Notice:  Undefined index: key in /home/member/ripp_/public_html/tgphpc/Derpibooru/Derpibooru.php on line 80
[07-Jan-2016 23:30:47 UTC] PHP Notice:  Undefined index: key in /home/member/ripp_/public_html/tgphpc/Derpibooru/Derpibooru.php on line 80
[07-Jan-2016 23:30:47 UTC] PHP Notice:  Undefined index: key in /home/member/ripp_/public_html/tgphpc/Derpibooru/Derpibooru.php on line 80
[07-Jan-2016 23:30:48 UTC] PHP Notice:  Undefined index: key in /home/member/ripp_/public_html/tgphpc/Derpibooru/Derpibooru.php on line 80
[07-Jan-2016 23:30:49 UTC] PHP Notice:  Undefined index: key in /home/member/ripp_/public_html/tgphpc/Derpibooru/Derpibooru.php on line 80
[07-Jan-2016 23:30:53 UTC] PHP Notice:  Undefined index: key in /home/member/ripp_/public_html/tgphpc/Derpibooru/Derpibooru.php on line 80
[07-Jan-2016 23:30:55 UTC] PHP Notice:  Undefined index: key in /home/member/ripp_/public_html/tgphpc/Derpibooru/Derpibooru.php on line 80
[07-Jan-2016 23:30:59 UTC] PHP Notice:  Undefined index: key in /home/member/ripp_/public_html/tgphpc/Derpibooru/Derpibooru.php on line 80
[07-Jan-2016 23:30:59 UTC] PHP Notice:  Undefined index: key in /home/member/ripp_/public_html/tgphpc/Derpibooru/Derpibooru.php on line 80
[07-Jan-2016 23:31:00 UTC] PHP Notice:  Undefined index: key in /home/member/ripp_/public_html/tgphpc/Derpibooru/Derpibooru.php on line 80
[07-Jan-2016 23:31:00 UTC] PHP Notice:  Undefined index: key in /home/member/ripp_/public_html/tgphpc/Derpibooru/Derpibooru.php on line 80
[07-Jan-2016 23:35:02 UTC] PHP Notice:  Undefined variable: page in /home/member/ripp_/public_html/tgphpc/Derpibooru/Derpibooru.php on line 122
[07-Jan-2016 23:35:02 UTC] PHP Notice:  Undefined index: key in /home/member/ripp_/public_html/tgphpc/Derpibooru/Derpibooru.php on line 123
[07-Jan-2016 23:35:02 UTC] PHP Notice:  Undefined index: key in /home/member/ripp_/public_html/tgphpc/Derpibooru/Derpibooru.php on line 80
[07-Jan-2016 23:35:09 UTC] PHP Notice:  Undefined index: key in /home/member/ripp_/public_html/tgphpc/Derpibooru/Derpibooru.php on line 80
[07-Jan-2016 23:35:13 UTC] PHP Notice:  Undefined index: key in /home/member/ripp_/public_html/tgphpc/Derpibooru/Derpibooru.php on line 80
[07-Jan-2016 23:35:14 UTC] PHP Notice:  Undefined index: key in /home/member/ripp_/public_html/tgphpc/Derpibooru/Derpibooru.php on line 80
[07-Jan-2016 23:35:19 UTC] PHP Notice:  Undefined index: key in /home/member/ripp_/public_html/tgphpc/Derpibooru/Derpibooru.php on line 80
[07-Jan-2016 23:35:32 UTC] PHP Notice:  Undefined index: key in /home/member/ripp_/public_html/tgphpc/Derpibooru/Derpibooru.php on line 80
[07-Jan-2016 23:35:38 UTC] PHP Notice:  Undefined index: key in /home/member/ripp_/public_html/tgphpc/Derpibooru/Derpibooru.php on line 80
[07-Jan-2016 23:35:45 UTC] PHP Notice:  Undefined index: key in /home/member/ripp_/public_html/tgphpc/Derpibooru/Derpibooru.php on line 80
[07-Jan-2016 23:35:52 UTC] PHP Notice:  Undefined index: key in /home/member/ripp_/public_html/tgphpc/Derpibooru/Derpibooru.php on line 80
[08-Jan-2016 00:32:18 UTC] PHP Notice:  Undefined variable: page in /home/member/ripp_/public_html/tgphpc/Derpibooru/Derpibooru.php on line 122
[08-Jan-2016 00:32:18 UTC] PHP Notice:  Undefined index: key in /home/member/ripp_/public_html/tgphpc/Derpibooru/Derpibooru.php on line 123
[08-Jan-2016 00:32:18 UTC] PHP Notice:  Undefined index: key in /home/member/ripp_/public_html/tgphpc/Derpibooru/Derpibooru.php on line 80
[08-Jan-2016 00:32:20 UTC] PHP Notice:  Undefined index: key in /home/member/ripp_/public_html/tgphpc/Derpibooru/Derpibooru.php on line 80
[08-Jan-2016 00:32:35 UTC] PHP Notice:  Undefined index: key in /home/member/ripp_/public_html/tgphpc/Derpibooru/Derpibooru.php on line 80
[08-Jan-2016 08:08:17 UTC] PHP Notice:  Undefined variable: page in /home/member/ripp_/public_html/tgphpc/Derpibooru/Derpibooru.php on line 122
[08-Jan-2016 08:08:17 UTC] PHP Notice:  Undefined index: key in /home/member/ripp_/public_html/tgphpc/Derpibooru/Derpibooru.php on line 123
[08-Jan-2016 08:08:17 UTC] PHP Notice:  Undefined index: key in /home/member/ripp_/public_html/tgphpc/Derpibooru/Derpibooru.php on line 80
[08-Jan-2016 08:08:24 UTC] PHP Notice:  Undefined index: key in /home/member/ripp_/public_html/tgphpc/Derpibooru/Derpibooru.php on line 80
[08-Jan-2016 08:08:32 UTC] PHP Notice:  Undefined index: key in /home/member/ripp_/public_html/tgphpc/Derpibooru/Derpibooru.php on line 80
[08-Jan-2016 08:31:11 UTC] PHP Notice:  Undefined variable: page in /home/member/ripp_/public_html/tgphpc/Derpibooru/Derpibooru.php on line 122
[08-Jan-2016 08:31:11 UTC] PHP Notice:  Undefined index: key in /home/member/ripp_/public_html/tgphpc/Derpibooru/Derpibooru.php on line 123
[08-Jan-2016 08:31:11 UTC] PHP Notice:  Undefined index: key in /home/member/ripp_/public_html/tgphpc/Derpibooru/Derpibooru.php on line 80
[08-Jan-2016 08:31:13 UTC] PHP Notice:  Undefined index: key in /home/member/ripp_/public_html/tgphpc/Derpibooru/Derpibooru.php on line 80
[08-Jan-2016 08:31:15 UTC] PHP Notice:  Undefined index: key in /home/member/ripp_/public_html/tgphpc/Derpibooru/Derpibooru.php on line 80
[08-Jan-2016 10:36:18 UTC] PHP Parse error:  syntax error, unexpected '(', expecting ',' or ';' in /home/member/ripp_/public_html/tgphpc/Tg.php on line 5
[08-Jan-2016 10:36:35 UTC] PHP Parse error:  syntax error, unexpected '(', expecting ',' or ';' in /home/member/ripp_/public_html/tgphpc/Tg.php on line 5
[08-Jan-2016 10:36:47 UTC] PHP Parse error:  syntax error, unexpected '(', expecting ',' or ';' in /home/member/ripp_/public_html/tgphpc/Tg.php on line 5
[08-Jan-2016 10:41:58 UTC] PHP Fatal error:  Undefined class constant 'BOT_KEY' in /home/member/ripp_/public_html/tgphpc/hook.php on line 27
[08-Jan-2016 10:43:59 UTC] Bot Key mismatch
[08-Jan-2016 10:44:27 UTC] Bot Key mismatch
[08-Jan-2016 10:44:27 UTC] ,AAHQjP8vRyp-gWiBhjoyv4HHj40JUjj7kaA
[08-Jan-2016 10:45:00 UTC] PHP Fatal error:  Call to undefined function issset() in /home/member/ripp_/public_html/tgphpc/Tg.php on line 29
[08-Jan-2016 10:45:10 UTC] Bot Key mismatch
[08-Jan-2016 10:45:10 UTC] AAHQjP8vRyp-gWiBhjoyv4HHj40JUjj7kaA
,AAHQjP8vRyp-gWiBhjoyv4HHj40JUjj7kaA
[08-Jan-2016 10:45:25 UTC] PHP Fatal error:  Call to protected Tg::__construct() from invalid context in /home/member/ripp_/public_html/tgphpc/hook.php on line 33
[08-Jan-2016 11:31:52 UTC] PHP Notice:  Undefined variable: page in /home/member/ripp_/public_html/tgphpc/Derpibooru/Derpibooru.php on line 120
[08-Jan-2016 11:31:52 UTC] PHP Notice:  Undefined index: key in /home/member/ripp_/public_html/tgphpc/Derpibooru/Derpibooru.php on line 121
[08-Jan-2016 11:31:52 UTC] PHP Notice:  Undefined index: key in /home/member/ripp_/public_html/tgphpc/Derpibooru/Derpibooru.php on line 78
[08-Jan-2016 13:17:14 UTC] PHP Notice:  Undefined variable: page in /home/member/ripp_/public_html/tgphpc/Derpibooru/Derpibooru.php on line 120
[08-Jan-2016 22:12:35 UTC] PHP Notice:  Undefined variable: page in /home/member/ripp_/public_html/tgphpc/Derpibooru/Derpibooru.php on line 120
[09-Jan-2016 08:24:00 UTC] PHP Notice:  Undefined index: key in /home/member/ripp_/public_html/tgphpc/Derpibooru/Derpibooru.php on line 78
[09-Jan-2016 08:24:10 UTC] PHP Notice:  Undefined variable: page in /home/member/ripp_/public_html/tgphpc/Derpibooru/Derpibooru.php on line 120
[09-Jan-2016 08:24:10 UTC] PHP Notice:  Undefined index: key in /home/member/ripp_/public_html/tgphpc/Derpibooru/Derpibooru.php on line 121
[09-Jan-2016 08:24:10 UTC] PHP Notice:  Undefined index: key in /home/member/ripp_/public_html/tgphpc/Derpibooru/Derpibooru.php on line 78
[09-Jan-2016 08:24:11 UTC] PHP Notice:  Undefined index: key in /home/member/ripp_/public_html/tgphpc/Derpibooru/Derpibooru.php on line 78
[09-Jan-2016 08:24:11 UTC] PHP Notice:  Undefined index: key in /home/member/ripp_/public_html/tgphpc/Derpibooru/Derpibooru.php on line 78
[09-Jan-2016 08:24:11 UTC] PHP Notice:  Undefined index: key in /home/member/ripp_/public_html/tgphpc/Derpibooru/Derpibooru.php on line 78
[09-Jan-2016 08:24:12 UTC] PHP Notice:  Undefined index: key in /home/member/ripp_/public_html/tgphpc/Derpibooru/Derpibooru.php on line 78
[09-Jan-2016 08:24:21 UTC] PHP Notice:  Undefined index: key in /home/member/ripp_/public_html/tgphpc/Derpibooru/Derpibooru.php on line 78
[09-Jan-2016 08:24:24 UTC] PHP Notice:  Undefined index: key in /home/member/ripp_/public_html/tgphpc/Derpibooru/Derpibooru.php on line 78
[09-Jan-2016 08:24:24 UTC] PHP Notice:  Undefined index: key in /home/member/ripp_/public_html/tgphpc/Derpibooru/Derpibooru.php on line 78
[09-Jan-2016 08:24:25 UTC] PHP Notice:  Undefined index: key in /home/member/ripp_/public_html/tgphpc/Derpibooru/Derpibooru.php on line 78
[09-Jan-2016 08:24:25 UTC] PHP Notice:  Undefined index: key in /home/member/ripp_/public_html/tgphpc/Derpibooru/Derpibooru.php on line 78
[09-Jan-2016 08:24:26 UTC] PHP Notice:  Undefined index: key in /home/member/ripp_/public_html/tgphpc/Derpibooru/Derpibooru.php on line 78
[09-Jan-2016 08:24:27 UTC] PHP Notice:  Undefined index: key in /home/member/ripp_/public_html/tgphpc/Derpibooru/Derpibooru.php on line 78
[09-Jan-2016 08:24:42 UTC] PHP Notice:  Undefined variable: page in /home/member/ripp_/public_html/tgphpc/Derpibooru/Derpibooru.php on line 120
[09-Jan-2016 08:24:47 UTC] PHP Notice:  Undefined index: key in /home/member/ripp_/public_html/tgphpc/Derpibooru/Derpibooru.php on line 78
[09-Jan-2016 08:25:12 UTC] PHP Warning:  file_get_contents(https://derpiboo.ru/related/1070215.json?key=wCdZzRejmzayf6fqvcTB): failed to open stream: HTTP request failed! HTTP/1.1 404 Not Found
 in /home/member/ripp_/public_html/tgphpc/Derpibooru/Derpibooru.php on line 90
[09-Jan-2016 08:25:16 UTC] PHP Notice:  Undefined variable: page in /home/member/ripp_/public_html/tgphpc/Derpibooru/Derpibooru.php on line 120
[09-Jan-2016 08:25:16 UTC] PHP Notice:  Undefined index: key in /home/member/ripp_/public_html/tgphpc/Derpibooru/Derpibooru.php on line 121
[09-Jan-2016 08:25:16 UTC] PHP Notice:  Undefined index: key in /home/member/ripp_/public_html/tgphpc/Derpibooru/Derpibooru.php on line 78
[09-Jan-2016 08:33:47 UTC] PHP Notice:  Undefined variable: page in /home/member/ripp_/public_html/tgphpc/Derpibooru/Derpibooru.php on line 120
[09-Jan-2016 16:31:07 UTC] PHP Notice:  Undefined variable: page in /home/member/ripp_/public_html/tgphpc/Derpibooru/Derpibooru.php on line 120
[09-Jan-2016 18:50:39 UTC] PHP Notice:  Undefined variable: page in /home/member/ripp_/public_html/tgphpc/Derpibooru/Derpibooru.php on line 120
[09-Jan-2016 19:58:24 UTC] PHP Notice:  Undefined variable: page in /home/member/ripp_/public_html/tgphpc/Derpibooru/Derpibooru.php on line 120
[09-Jan-2016 21:24:49 UTC] PHP Notice:  Undefined variable: page in /home/member/ripp_/public_html/tgphpc/Derpibooru/Derpibooru.php on line 120
[10-Jan-2016 21:58:59 UTC] PHP Notice:  Undefined variable: page in /home/member/ripp_/public_html/tgphpc/Derpibooru/Derpibooru.php on line 120
[10-Jan-2016 21:58:59 UTC] PHP Notice:  Undefined index: key in /home/member/ripp_/public_html/tgphpc/Derpibooru/Derpibooru.php on line 121
[10-Jan-2016 21:58:59 UTC] PHP Notice:  Undefined index: key in /home/member/ripp_/public_html/tgphpc/Derpibooru/Derpibooru.php on line 78
[10-Jan-2016 21:59:00 UTC] PHP Notice:  Undefined variable: page in /home/member/ripp_/public_html/tgphpc/Derpibooru/Derpibooru.php on line 120
[10-Jan-2016 21:59:00 UTC] PHP Notice:  Undefined index: key in /home/member/ripp_/public_html/tgphpc/Derpibooru/Derpibooru.php on line 121
[10-Jan-2016 21:59:00 UTC] PHP Notice:  Undefined index: key in /home/member/ripp_/public_html/tgphpc/Derpibooru/Derpibooru.php on line 78
[10-Jan-2016 21:59:05 UTC] PHP Notice:  Undefined index: key in /home/member/ripp_/public_html/tgphpc/Derpibooru/Derpibooru.php on line 78
[10-Jan-2016 21:59:16 UTC] PHP Notice:  Undefined index: key in /home/member/ripp_/public_html/tgphpc/Derpibooru/Derpibooru.php on line 78
[10-Jan-2016 22:11:15 UTC] PHP Notice:  Undefined variable: page in /home/member/ripp_/public_html/tgphpc/Derpibooru/Derpibooru.php on line 120
[10-Jan-2016 22:28:58 UTC] PHP Notice:  Undefined variable: page in /home/member/ripp_/public_html/tgphpc/Derpibooru/Derpibooru.php on line 120
[10-Jan-2016 23:02:45 UTC] PHP Notice:  Undefined variable: page in /home/member/ripp_/public_html/tgphpc/Derpibooru/Derpibooru.php on line 120
[10-Jan-2016 23:50:40 UTC] PHP Notice:  Undefined variable: page in /home/member/ripp_/public_html/tgphpc/Derpibooru/Derpibooru.php on line 120
[11-Jan-2016 09:59:20 UTC] PHP Notice:  Undefined variable: page in /home/member/ripp_/public_html/tgphpc/Derpibooru/Derpibooru.php on line 120
[11-Jan-2016 15:13:39 UTC] PHP Notice:  Undefined variable: page in /home/member/ripp_/public_html/tgphpc/Derpibooru/Derpibooru.php on line 120
[11-Jan-2016 20:58:08 UTC] PHP Notice:  Undefined variable: page in /home/member/ripp_/public_html/tgphpc/Derpibooru/Derpibooru.php on line 120
[11-Jan-2016 20:58:08 UTC] PHP Notice:  Undefined index: key in /home/member/ripp_/public_html/tgphpc/Derpibooru/Derpibooru.php on line 121
[11-Jan-2016 20:58:08 UTC] PHP Notice:  Undefined index: key in /home/member/ripp_/public_html/tgphpc/Derpibooru/Derpibooru.php on line 78
[11-Jan-2016 20:58:09 UTC] PHP Notice:  Undefined index: key in /home/member/ripp_/public_html/tgphpc/Derpibooru/Derpibooru.php on line 78
[11-Jan-2016 20:58:14 UTC] PHP Notice:  Undefined index: key in /home/member/ripp_/public_html/tgphpc/Derpibooru/Derpibooru.php on line 78
[11-Jan-2016 20:58:15 UTC] PHP Notice:  Undefined index: key in /home/member/ripp_/public_html/tgphpc/Derpibooru/Derpibooru.php on line 78
[11-Jan-2016 21:15:31 UTC] PHP Notice:  Undefined variable: page in /home/member/ripp_/public_html/tgphpc/Derpibooru/Derpibooru.php on line 120
[11-Jan-2016 21:15:31 UTC] PHP Notice:  Undefined index: key in /home/member/ripp_/public_html/tgphpc/Derpibooru/Derpibooru.php on line 121
[11-Jan-2016 21:15:31 UTC] PHP Notice:  Undefined index: key in /home/member/ripp_/public_html/tgphpc/Derpibooru/Derpibooru.php on line 78
[11-Jan-2016 21:15:32 UTC] PHP Notice:  Undefined index: key in /home/member/ripp_/public_html/tgphpc/Derpibooru/Derpibooru.php on line 78
[11-Jan-2016 21:15:33 UTC] PHP Notice:  Undefined index: key in /home/member/ripp_/public_html/tgphpc/Derpibooru/Derpibooru.php on line 78
[11-Jan-2016 21:15:35 UTC] PHP Notice:  Undefined index: key in /home/member/ripp_/public_html/tgphpc/Derpibooru/Derpibooru.php on line 78
[11-Jan-2016 21:15:36 UTC] PHP Notice:  Undefined index: key in /home/member/ripp_/public_html/tgphpc/Derpibooru/Derpibooru.php on line 78
[11-Jan-2016 21:15:55 UTC] PHP Notice:  Undefined index: key in /home/member/ripp_/public_html/tgphpc/Derpibooru/Derpibooru.php on line 78
[11-Jan-2016 21:17:37 UTC] PHP Notice:  Undefined variable: page in /home/member/ripp_/public_html/tgphpc/Derpibooru/Derpibooru.php on line 120
[11-Jan-2016 21:17:37 UTC] PHP Notice:  Undefined index: key in /home/member/ripp_/public_html/tgphpc/Derpibooru/Derpibooru.php on line 121
[11-Jan-2016 21:17:37 UTC] PHP Notice:  Undefined index: key in /home/member/ripp_/public_html/tgphpc/Derpibooru/Derpibooru.php on line 78
[11-Jan-2016 21:17:38 UTC] PHP Notice:  Undefined index: key in /home/member/ripp_/public_html/tgphpc/Derpibooru/Derpibooru.php on line 78
[11-Jan-2016 21:17:38 UTC] PHP Notice:  Undefined variable: page in /home/member/ripp_/public_html/tgphpc/Derpibooru/Derpibooru.php on line 120
[11-Jan-2016 21:17:38 UTC] PHP Notice:  Undefined index: key in /home/member/ripp_/public_html/tgphpc/Derpibooru/Derpibooru.php on line 121
[11-Jan-2016 21:17:38 UTC] PHP Notice:  Undefined index: key in /home/member/ripp_/public_html/tgphpc/Derpibooru/Derpibooru.php on line 78
[11-Jan-2016 21:17:39 UTC] PHP Notice:  Undefined index: key in /home/member/ripp_/public_html/tgphpc/Derpibooru/Derpibooru.php on line 78
[11-Jan-2016 21:17:39 UTC] PHP Notice:  Undefined index: key in /home/member/ripp_/public_html/tgphpc/Derpibooru/Derpibooru.php on line 78
[11-Jan-2016 21:18:12 UTC] PHP Notice:  Undefined index: key in /home/member/ripp_/public_html/tgphpc/Derpibooru/Derpibooru.php on line 78
[11-Jan-2016 21:18:16 UTC] PHP Notice:  Undefined index: key in /home/member/ripp_/public_html/tgphpc/Derpibooru/Derpibooru.php on line 78
[11-Jan-2016 21:23:43 UTC] PHP Notice:  Undefined variable: page in /home/member/ripp_/public_html/tgphpc/Derpibooru/Derpibooru.php on line 120
[11-Jan-2016 21:23:43 UTC] PHP Notice:  Undefined index: key in /home/member/ripp_/public_html/tgphpc/Derpibooru/Derpibooru.php on line 121
[11-Jan-2016 21:23:43 UTC] PHP Notice:  Undefined index: key in /home/member/ripp_/public_html/tgphpc/Derpibooru/Derpibooru.php on line 78
[11-Jan-2016 21:24:18 UTC] PHP Notice:  Undefined index: key in /home/member/ripp_/public_html/tgphpc/Derpibooru/Derpibooru.php on line 78
[11-Jan-2016 21:24:22 UTC] PHP Notice:  Undefined index: key in /home/member/ripp_/public_html/tgphpc/Derpibooru/Derpibooru.php on line 78
[11-Jan-2016 21:24:24 UTC] PHP Notice:  Undefined index: key in /home/member/ripp_/public_html/tgphpc/Derpibooru/Derpibooru.php on line 78
[11-Jan-2016 21:24:24 UTC] PHP Notice:  Undefined index: key in /home/member/ripp_/public_html/tgphpc/Derpibooru/Derpibooru.php on line 78
[11-Jan-2016 21:24:25 UTC] PHP Notice:  Undefined index: key in /home/member/ripp_/public_html/tgphpc/Derpibooru/Derpibooru.php on line 78
[11-Jan-2016 21:24:26 UTC] PHP Notice:  Undefined index: key in /home/member/ripp_/public_html/tgphpc/Derpibooru/Derpibooru.php on line 78
[11-Jan-2016 21:24:50 UTC] PHP Notice:  Undefined index: key in /home/member/ripp_/public_html/tgphpc/Derpibooru/Derpibooru.php on line 78
[11-Jan-2016 21:24:58 UTC] PHP Notice:  Undefined index: key in /home/member/ripp_/public_html/tgphpc/Derpibooru/Derpibooru.php on line 78
[11-Jan-2016 21:25:00 UTC] PHP Notice:  Undefined index: key in /home/member/ripp_/public_html/tgphpc/Derpibooru/Derpibooru.php on line 78
[11-Jan-2016 21:25:06 UTC] PHP Notice:  Undefined index: key in /home/member/ripp_/public_html/tgphpc/Derpibooru/Derpibooru.php on line 78
[11-Jan-2016 21:25:07 UTC] PHP Notice:  Undefined index: key in /home/member/ripp_/public_html/tgphpc/Derpibooru/Derpibooru.php on line 78
[11-Jan-2016 21:25:08 UTC] PHP Notice:  Undefined index: key in /home/member/ripp_/public_html/tgphpc/Derpibooru/Derpibooru.php on line 78
[11-Jan-2016 21:26:30 UTC] PHP Notice:  Undefined index: key in /home/member/ripp_/public_html/tgphpc/Derpibooru/Derpibooru.php on line 78
[11-Jan-2016 21:26:37 UTC] PHP Notice:  Undefined index: key in /home/member/ripp_/public_html/tgphpc/Derpibooru/Derpibooru.php on line 78
[11-Jan-2016 21:27:05 UTC] PHP Notice:  Undefined index: key in /home/member/ripp_/public_html/tgphpc/Derpibooru/Derpibooru.php on line 78
[11-Jan-2016 21:27:05 UTC] PHP Notice:  Undefined index: key in /home/member/ripp_/public_html/tgphpc/Derpibooru/Derpibooru.php on line 78
[11-Jan-2016 23:33:04 UTC] PHP Notice:  Undefined index: text in /home/member/ripp_/public_html/tgphpc/Tg.php on line 163
[11-Jan-2016 23:33:26 UTC] PHP Notice:  Undefined index: text in /home/member/ripp_/public_html/tgphpc/Tg.php on line 163
[13-Jan-2016 14:01:19 UTC] PHP Notice:  Undefined variable: page in /home/member/ripp_/public_html/tgphpc/Derpibooru/Derpibooru.php on line 120
[14-Jan-2016 13:21:29 UTC] PHP Notice:  Undefined variable: page in /home/member/ripp_/public_html/tgphpc/Derpibooru/Derpibooru.php on line 120
[14-Jan-2016 13:21:30 UTC] PHP Notice:  Undefined variable: page in /home/member/ripp_/public_html/tgphpc/Derpibooru/Derpibooru.php on line 120
[14-Jan-2016 13:21:30 UTC] PHP Notice:  Undefined variable: page in /home/member/ripp_/public_html/tgphpc/Derpibooru/Derpibooru.php on line 120
[14-Jan-2016 13:21:30 UTC] PHP Notice:  Undefined variable: page in /home/member/ripp_/public_html/tgphpc/Derpibooru/Derpibooru.php on line 120
[14-Jan-2016 13:21:30 UTC] PHP Notice:  Undefined variable: page in /home/member/ripp_/public_html/tgphpc/Derpibooru/Derpibooru.php on line 120
[14-Jan-2016 13:21:30 UTC] PHP Notice:  Undefined variable: page in /home/member/ripp_/public_html/tgphpc/Derpibooru/Derpibooru.php on line 120
[14-Jan-2016 17:31:21 UTC] PHP Notice:  Undefined variable: page in /home/member/ripp_/public_html/tgphpc/Derpibooru/Derpibooru.php on line 120
[14-Jan-2016 17:31:21 UTC] PHP Notice:  Undefined index: key in /home/member/ripp_/public_html/tgphpc/Derpibooru/Derpibooru.php on line 121
[14-Jan-2016 17:31:21 UTC] PHP Notice:  Undefined index: key in /home/member/ripp_/public_html/tgphpc/Derpibooru/Derpibooru.php on line 78
[14-Jan-2016 17:31:23 UTC] PHP Notice:  Undefined index: key in /home/member/ripp_/public_html/tgphpc/Derpibooru/Derpibooru.php on line 78
[14-Jan-2016 17:31:26 UTC] PHP Notice:  Undefined index: key in /home/member/ripp_/public_html/tgphpc/Derpibooru/Derpibooru.php on line 78
[14-Jan-2016 17:31:28 UTC] PHP Notice:  Undefined index: key in /home/member/ripp_/public_html/tgphpc/Derpibooru/Derpibooru.php on line 78
[14-Jan-2016 17:31:32 UTC] PHP Notice:  Undefined index: key in /home/member/ripp_/public_html/tgphpc/Derpibooru/Derpibooru.php on line 78
[14-Jan-2016 17:31:36 UTC] PHP Notice:  Undefined index: key in /home/member/ripp_/public_html/tgphpc/Derpibooru/Derpibooru.php on line 78
[14-Jan-2016 17:31:55 UTC] PHP Notice:  Undefined index: key in /home/member/ripp_/public_html/tgphpc/Derpibooru/Derpibooru.php on line 78
[14-Jan-2016 17:32:12 UTC] PHP Notice:  Undefined index: key in /home/member/ripp_/public_html/tgphpc/Derpibooru/Derpibooru.php on line 78
[14-Jan-2016 17:32:13 UTC] PHP Notice:  Undefined index: key in /home/member/ripp_/public_html/tgphpc/Derpibooru/Derpibooru.php on line 78
[14-Jan-2016 17:32:14 UTC] PHP Notice:  Undefined index: key in /home/member/ripp_/public_html/tgphpc/Derpibooru/Derpibooru.php on line 78
[14-Jan-2016 17:32:15 UTC] PHP Notice:  Undefined index: key in /home/member/ripp_/public_html/tgphpc/Derpibooru/Derpibooru.php on line 78
[14-Jan-2016 17:32:16 UTC] PHP Notice:  Undefined index: key in /home/member/ripp_/public_html/tgphpc/Derpibooru/Derpibooru.php on line 78
[14-Jan-2016 17:32:20 UTC] PHP Notice:  Undefined index: key in /home/member/ripp_/public_html/tgphpc/Derpibooru/Derpibooru.php on line 78
[14-Jan-2016 17:32:32 UTC] PHP Notice:  Undefined index: key in /home/member/ripp_/public_html/tgphpc/Derpibooru/Derpibooru.php on line 78
[14-Jan-2016 17:36:53 UTC] PHP Notice:  Undefined index: key in /home/member/ripp_/public_html/tgphpc/Derpibooru/Derpibooru.php on line 78
[14-Jan-2016 17:36:54 UTC] PHP Notice:  Undefined index: key in /home/member/ripp_/public_html/tgphpc/Derpibooru/Derpibooru.php on line 78
[14-Jan-2016 17:37:44 UTC] PHP Notice:  Undefined index: key in /home/member/ripp_/public_html/tgphpc/Derpibooru/Derpibooru.php on line 78
[14-Jan-2016 17:37:51 UTC] PHP Notice:  Undefined index: key in /home/member/ripp_/public_html/tgphpc/Derpibooru/Derpibooru.php on line 78
[14-Jan-2016 17:38:55 UTC] PHP Notice:  Undefined index: key in /home/member/ripp_/public_html/tgphpc/Derpibooru/Derpibooru.php on line 78
[14-Jan-2016 17:39:23 UTC] PHP Notice:  Undefined index: key in /home/member/ripp_/public_html/tgphpc/Derpibooru/Derpibooru.php on line 78
[14-Jan-2016 17:39:34 UTC] PHP Notice:  Undefined index: key in /home/member/ripp_/public_html/tgphpc/Derpibooru/Derpibooru.php on line 78
[14-Jan-2016 17:40:12 UTC] PHP Notice:  Undefined index: key in /home/member/ripp_/public_html/tgphpc/Derpibooru/Derpibooru.php on line 78
[14-Jan-2016 17:40:23 UTC] PHP Notice:  Undefined index: key in /home/member/ripp_/public_html/tgphpc/Derpibooru/Derpibooru.php on line 78
[14-Jan-2016 17:40:25 UTC] PHP Notice:  Undefined index: key in /home/member/ripp_/public_html/tgphpc/Derpibooru/Derpibooru.php on line 78
[14-Jan-2016 17:40:42 UTC] PHP Notice:  Undefined index: key in /home/member/ripp_/public_html/tgphpc/Derpibooru/Derpibooru.php on line 78
[14-Jan-2016 17:42:30 UTC] PHP Notice:  Undefined index: key in /home/member/ripp_/public_html/tgphpc/Derpibooru/Derpibooru.php on line 78
[14-Jan-2016 17:42:39 UTC] PHP Notice:  Undefined index: key in /home/member/ripp_/public_html/tgphpc/Derpibooru/Derpibooru.php on line 78
[14-Jan-2016 17:42:50 UTC] PHP Notice:  Undefined index: key in /home/member/ripp_/public_html/tgphpc/Derpibooru/Derpibooru.php on line 78
[14-Jan-2016 17:42:52 UTC] PHP Notice:  Undefined index: key in /home/member/ripp_/public_html/tgphpc/Derpibooru/Derpibooru.php on line 78
[14-Jan-2016 17:43:07 UTC] PHP Notice:  Undefined index: key in /home/member/ripp_/public_html/tgphpc/Derpibooru/Derpibooru.php on line 78
[14-Jan-2016 17:43:09 UTC] PHP Notice:  Undefined index: key in /home/member/ripp_/public_html/tgphpc/Derpibooru/Derpibooru.php on line 78
[14-Jan-2016 17:43:11 UTC] PHP Notice:  Undefined index: key in /home/member/ripp_/public_html/tgphpc/Derpibooru/Derpibooru.php on line 78
[14-Jan-2016 18:12:01 UTC] PHP Notice:  Undefined variable: page in /home/member/ripp_/public_html/tgphpc/Derpibooru/Derpibooru.php on line 120
[14-Jan-2016 18:21:56 UTC] PHP Notice:  Undefined variable: page in /home/member/ripp_/public_html/tgphpc/Derpibooru/Derpibooru.php on line 120
[14-Jan-2016 18:40:23 UTC] PHP Notice:  Undefined variable: docString in /home/member/ripp_/public_html/tgphpc/Tg.php on line 374
[14-Jan-2016 18:40:23 UTC] PHP Notice:  Undefined variable: docString in /home/member/ripp_/public_html/tgphpc/Tg.php on line 374
[14-Jan-2016 18:40:23 UTC] PHP Notice:  Undefined variable: docString in /home/member/ripp_/public_html/tgphpc/Tg.php on line 374
[14-Jan-2016 18:40:23 UTC] PHP Notice:  Undefined variable: docString in /home/member/ripp_/public_html/tgphpc/Tg.php on line 374
[14-Jan-2016 18:40:23 UTC] PHP Notice:  Undefined variable: docString in /home/member/ripp_/public_html/tgphpc/Tg.php on line 374
[14-Jan-2016 18:40:23 UTC] PHP Notice:  Undefined variable: docString in /home/member/ripp_/public_html/tgphpc/Tg.php on line 374
[14-Jan-2016 18:40:23 UTC] PHP Notice:  Undefined variable: docString in /home/member/ripp_/public_html/tgphpc/Tg.php on line 374
[14-Jan-2016 18:40:23 UTC] PHP Notice:  Undefined variable: docString in /home/member/ripp_/public_html/tgphpc/Tg.php on line 374
[14-Jan-2016 18:40:23 UTC] PHP Notice:  Undefined variable: docString in /home/member/ripp_/public_html/tgphpc/Tg.php on line 374
[14-Jan-2016 20:47:02 UTC] PHP Notice:  Undefined variable: page in /home/member/ripp_/public_html/tgphpc/Derpibooru/Derpibooru.php on line 120
[14-Jan-2016 20:47:03 UTC] PHP Notice:  Undefined variable: page in /home/member/ripp_/public_html/tgphpc/Derpibooru/Derpibooru.php on line 120
[15-Jan-2016 17:58:17 UTC] PHP Notice:  Undefined variable: page in /home/member/ripp_/public_html/tgphpc/Derpibooru/Derpibooru.php on line 120
[15-Jan-2016 17:58:17 UTC] PHP Notice:  Undefined index: key in /home/member/ripp_/public_html/tgphpc/Derpibooru/Derpibooru.php on line 121
[15-Jan-2016 17:58:17 UTC] PHP Notice:  Undefined index: key in /home/member/ripp_/public_html/tgphpc/Derpibooru/Derpibooru.php on line 78
[15-Jan-2016 17:58:22 UTC] PHP Notice:  Undefined variable: page in /home/member/ripp_/public_html/tgphpc/Derpibooru/Derpibooru.php on line 120
[15-Jan-2016 17:58:22 UTC] PHP Notice:  Undefined index: key in /home/member/ripp_/public_html/tgphpc/Derpibooru/Derpibooru.php on line 121
[15-Jan-2016 17:58:22 UTC] PHP Notice:  Undefined index: key in /home/member/ripp_/public_html/tgphpc/Derpibooru/Derpibooru.php on line 78
[15-Jan-2016 18:03:21 UTC] PHP Notice:  Undefined index: key in /home/member/ripp_/public_html/tgphpc/Derpibooru/Derpibooru.php on line 78
[15-Jan-2016 18:03:24 UTC] PHP Notice:  Undefined index: key in /home/member/ripp_/public_html/tgphpc/Derpibooru/Derpibooru.php on line 78
[15-Jan-2016 18:03:29 UTC] PHP Notice:  Undefined index: key in /home/member/ripp_/public_html/tgphpc/Derpibooru/Derpibooru.php on line 78
[15-Jan-2016 18:03:32 UTC] PHP Notice:  Undefined index: key in /home/member/ripp_/public_html/tgphpc/Derpibooru/Derpibooru.php on line 78
[15-Jan-2016 18:03:33 UTC] PHP Notice:  Undefined index: key in /home/member/ripp_/public_html/tgphpc/Derpibooru/Derpibooru.php on line 78
[15-Jan-2016 18:06:18 UTC] PHP Notice:  Undefined variable: page in /home/member/ripp_/public_html/tgphpc/Derpibooru/Derpibooru.php on line 120
[15-Jan-2016 18:06:18 UTC] PHP Notice:  Undefined index: key in /home/member/ripp_/public_html/tgphpc/Derpibooru/Derpibooru.php on line 121
[15-Jan-2016 18:06:18 UTC] PHP Notice:  Undefined index: key in /home/member/ripp_/public_html/tgphpc/Derpibooru/Derpibooru.php on line 78
[15-Jan-2016 18:06:24 UTC] PHP Warning:  file_get_contents(): SSL: Connection reset by peer in /home/member/ripp_/public_html/tgphpc/Derpibooru/Derpibooru.php on line 90
[15-Jan-2016 18:06:24 UTC] PHP Warning:  file_get_contents(): Failed to enable crypto in /home/member/ripp_/public_html/tgphpc/Derpibooru/Derpibooru.php on line 90
[15-Jan-2016 18:06:24 UTC] PHP Warning:  file_get_contents(https://derpiboo.ru/lists/top_scoring.json?): failed to open stream: operation failed in /home/member/ripp_/public_html/tgphpc/Derpibooru/Derpibooru.php on line 90
[15-Jan-2016 18:07:54 UTC] PHP Notice:  Undefined index: key in /home/member/ripp_/public_html/tgphpc/Derpibooru/Derpibooru.php on line 78
[15-Jan-2016 18:07:55 UTC] PHP Notice:  Undefined index: key in /home/member/ripp_/public_html/tgphpc/Derpibooru/Derpibooru.php on line 78
[15-Jan-2016 18:07:56 UTC] PHP Notice:  Undefined index: key in /home/member/ripp_/public_html/tgphpc/Derpibooru/Derpibooru.php on line 78
[15-Jan-2016 18:12:41 UTC] PHP Notice:  Undefined index: key in /home/member/ripp_/public_html/tgphpc/Derpibooru/Derpibooru.php on line 78
[15-Jan-2016 18:12:42 UTC] PHP Notice:  Undefined index: key in /home/member/ripp_/public_html/tgphpc/Derpibooru/Derpibooru.php on line 78
[15-Jan-2016 18:12:42 UTC] PHP Notice:  Undefined index: key in /home/member/ripp_/public_html/tgphpc/Derpibooru/Derpibooru.php on line 78
[15-Jan-2016 18:12:46 UTC] PHP Notice:  Undefined index: key in /home/member/ripp_/public_html/tgphpc/Derpibooru/Derpibooru.php on line 78
[15-Jan-2016 18:12:48 UTC] PHP Notice:  Undefined index: key in /home/member/ripp_/public_html/tgphpc/Derpibooru/Derpibooru.php on line 78
[15-Jan-2016 18:12:48 UTC] PHP Notice:  Undefined index: key in /home/member/ripp_/public_html/tgphpc/Derpibooru/Derpibooru.php on line 78
[15-Jan-2016 18:12:50 UTC] PHP Notice:  Undefined index: key in /home/member/ripp_/public_html/tgphpc/Derpibooru/Derpibooru.php on line 78
[15-Jan-2016 18:12:51 UTC] PHP Notice:  Undefined index: key in /home/member/ripp_/public_html/tgphpc/Derpibooru/Derpibooru.php on line 78
[15-Jan-2016 18:14:29 UTC] PHP Notice:  Undefined index: key in /home/member/ripp_/public_html/tgphpc/Derpibooru/Derpibooru.php on line 78
[15-Jan-2016 18:14:30 UTC] PHP Notice:  Undefined index: key in /home/member/ripp_/public_html/tgphpc/Derpibooru/Derpibooru.php on line 78
[15-Jan-2016 18:14:30 UTC] PHP Notice:  Undefined index: key in /home/member/ripp_/public_html/tgphpc/Derpibooru/Derpibooru.php on line 78
[15-Jan-2016 18:14:33 UTC] PHP Notice:  Undefined index: key in /home/member/ripp_/public_html/tgphpc/Derpibooru/Derpibooru.php on line 78
[15-Jan-2016 18:14:33 UTC] PHP Notice:  Undefined index: key in /home/member/ripp_/public_html/tgphpc/Derpibooru/Derpibooru.php on line 78
[15-Jan-2016 18:21:52 UTC] PHP Notice:  Undefined variable: page in /home/member/ripp_/public_html/tgphpc/Derpibooru/Derpibooru.php on line 120
[15-Jan-2016 18:21:52 UTC] PHP Notice:  Undefined index: key in /home/member/ripp_/public_html/tgphpc/Derpibooru/Derpibooru.php on line 121
[15-Jan-2016 18:21:52 UTC] PHP Notice:  Undefined index: key in /home/member/ripp_/public_html/tgphpc/Derpibooru/Derpibooru.php on line 78
[15-Jan-2016 18:21:53 UTC] PHP Notice:  Undefined variable: page in /home/member/ripp_/public_html/tgphpc/Derpibooru/Derpibooru.php on line 120
[15-Jan-2016 18:21:53 UTC] PHP Notice:  Undefined index: key in /home/member/ripp_/public_html/tgphpc/Derpibooru/Derpibooru.php on line 121
[15-Jan-2016 18:21:53 UTC] PHP Notice:  Undefined index: key in /home/member/ripp_/public_html/tgphpc/Derpibooru/Derpibooru.php on line 78
[15-Jan-2016 18:22:43 UTC] PHP Notice:  Undefined index: key in /home/member/ripp_/public_html/tgphpc/Derpibooru/Derpibooru.php on line 78
[15-Jan-2016 18:22:43 UTC] PHP Notice:  Undefined index: key in /home/member/ripp_/public_html/tgphpc/Derpibooru/Derpibooru.php on line 78
[15-Jan-2016 18:22:44 UTC] PHP Notice:  Undefined index: key in /home/member/ripp_/public_html/tgphpc/Derpibooru/Derpibooru.php on line 78
[15-Jan-2016 18:22:45 UTC] PHP Notice:  Undefined index: key in /home/member/ripp_/public_html/tgphpc/Derpibooru/Derpibooru.php on line 78
[15-Jan-2016 18:22:46 UTC] PHP Notice:  Undefined index: key in /home/member/ripp_/public_html/tgphpc/Derpibooru/Derpibooru.php on line 78
[15-Jan-2016 18:22:53 UTC] PHP Notice:  Undefined index: key in /home/member/ripp_/public_html/tgphpc/Derpibooru/Derpibooru.php on line 78
[15-Jan-2016 18:22:54 UTC] PHP Notice:  Undefined index: key in /home/member/ripp_/public_html/tgphpc/Derpibooru/Derpibooru.php on line 78
[15-Jan-2016 18:22:56 UTC] PHP Notice:  Undefined index: key in /home/member/ripp_/public_html/tgphpc/Derpibooru/Derpibooru.php on line 78
[15-Jan-2016 18:22:57 UTC] PHP Notice:  Undefined index: key in /home/member/ripp_/public_html/tgphpc/Derpibooru/Derpibooru.php on line 78
[15-Jan-2016 18:22:58 UTC] PHP Notice:  Undefined index: key in /home/member/ripp_/public_html/tgphpc/Derpibooru/Derpibooru.php on line 78
[15-Jan-2016 18:22:58 UTC] PHP Notice:  Undefined index: key in /home/member/ripp_/public_html/tgphpc/Derpibooru/Derpibooru.php on line 78
[15-Jan-2016 18:23:21 UTC] PHP Notice:  Undefined index: key in /home/member/ripp_/public_html/tgphpc/Derpibooru/Derpibooru.php on line 78
[15-Jan-2016 18:23:22 UTC] PHP Notice:  Undefined index: key in /home/member/ripp_/public_html/tgphpc/Derpibooru/Derpibooru.php on line 78
[15-Jan-2016 18:23:23 UTC] PHP Notice:  Undefined index: key in /home/member/ripp_/public_html/tgphpc/Derpibooru/Derpibooru.php on line 78
[15-Jan-2016 18:23:24 UTC] PHP Notice:  Undefined index: key in /home/member/ripp_/public_html/tgphpc/Derpibooru/Derpibooru.php on line 78
[15-Jan-2016 18:23:41 UTC] PHP Notice:  Undefined index: key in /home/member/ripp_/public_html/tgphpc/Derpibooru/Derpibooru.php on line 78
[15-Jan-2016 18:23:51 UTC] PHP Notice:  Undefined index: key in /home/member/ripp_/public_html/tgphpc/Derpibooru/Derpibooru.php on line 78
[15-Jan-2016 18:23:54 UTC] PHP Notice:  Undefined index: key in /home/member/ripp_/public_html/tgphpc/Derpibooru/Derpibooru.php on line 78
[15-Jan-2016 18:23:57 UTC] PHP Notice:  Undefined index: key in /home/member/ripp_/public_html/tgphpc/Derpibooru/Derpibooru.php on line 78
[15-Jan-2016 18:23:58 UTC] PHP Notice:  Undefined index: key in /home/member/ripp_/public_html/tgphpc/Derpibooru/Derpibooru.php on line 78
[15-Jan-2016 18:23:59 UTC] PHP Notice:  Undefined index: key in /home/member/ripp_/public_html/tgphpc/Derpibooru/Derpibooru.php on line 78
[15-Jan-2016 18:24:00 UTC] PHP Notice:  Undefined index: key in /home/member/ripp_/public_html/tgphpc/Derpibooru/Derpibooru.php on line 78
[15-Jan-2016 18:24:11 UTC] PHP Notice:  Undefined index: key in /home/member/ripp_/public_html/tgphpc/Derpibooru/Derpibooru.php on line 78
[15-Jan-2016 18:24:14 UTC] PHP Notice:  Undefined index: key in /home/member/ripp_/public_html/tgphpc/Derpibooru/Derpibooru.php on line 78
[15-Jan-2016 18:24:14 UTC] PHP Notice:  Undefined index: key in /home/member/ripp_/public_html/tgphpc/Derpibooru/Derpibooru.php on line 78
[15-Jan-2016 18:24:18 UTC] PHP Warning:  file_get_contents(): SSL: Connection reset by peer in /home/member/ripp_/public_html/tgphpc/Derpibooru/Derpibooru.php on line 90
[15-Jan-2016 18:24:18 UTC] PHP Warning:  file_get_contents(): Failed to enable crypto in /home/member/ripp_/public_html/tgphpc/Derpibooru/Derpibooru.php on line 90
[15-Jan-2016 18:24:18 UTC] PHP Warning:  file_get_contents(https://derpiboo.ru/search.json?q=sunset+shimmer%2C+whipped+cream): failed to open stream: operation failed in /home/member/ripp_/public_html/tgphpc/Derpibooru/Derpibooru.php on line 90
[15-Jan-2016 18:31:11 UTC] PHP Notice:  Undefined variable: page in /home/member/ripp_/public_html/tgphpc/Derpibooru/Derpibooru.php on line 120
[15-Jan-2016 18:31:11 UTC] PHP Notice:  Undefined index: key in /home/member/ripp_/public_html/tgphpc/Derpibooru/Derpibooru.php on line 121
[15-Jan-2016 18:31:11 UTC] PHP Notice:  Undefined index: key in /home/member/ripp_/public_html/tgphpc/Derpibooru/Derpibooru.php on line 78
[15-Jan-2016 18:31:12 UTC] PHP Notice:  Undefined variable: page in /home/member/ripp_/public_html/tgphpc/Derpibooru/Derpibooru.php on line 120
[15-Jan-2016 18:31:12 UTC] PHP Notice:  Undefined index: key in /home/member/ripp_/public_html/tgphpc/Derpibooru/Derpibooru.php on line 121
[15-Jan-2016 18:31:12 UTC] PHP Notice:  Undefined index: key in /home/member/ripp_/public_html/tgphpc/Derpibooru/Derpibooru.php on line 78
[16-Jan-2016 17:24:34 UTC] PHP Notice:  Undefined variable: page in /home/member/ripp_/public_html/tgphpc/Derpibooru/Derpibooru.php on line 120
[16-Jan-2016 22:39:28 UTC] PHP Notice:  Undefined variable: page in /home/member/ripp_/public_html/tgphpc/Derpibooru/Derpibooru.php on line 120
[16-Jan-2016 22:39:46 UTC] PHP Notice:  Undefined index: text in /home/member/ripp_/public_html/tgphpc/Tg.php on line 163
[16-Jan-2016 22:49:04 UTC] PHP Notice:  Undefined variable: page in /home/member/ripp_/public_html/tgphpc/Derpibooru/Derpibooru.php on line 120
[17-Jan-2016 09:04:00 UTC] PHP Notice:  Undefined variable: page in /home/member/ripp_/public_html/tgphpc/Derpibooru/Derpibooru.php on line 120
[17-Jan-2016 09:04:00 UTC] PHP Notice:  Undefined index: key in /home/member/ripp_/public_html/tgphpc/Derpibooru/Derpibooru.php on line 121
[17-Jan-2016 09:04:00 UTC] PHP Notice:  Undefined index: key in /home/member/ripp_/public_html/tgphpc/Derpibooru/Derpibooru.php on line 78
[17-Jan-2016 09:04:03 UTC] PHP Notice:  Undefined index: key in /home/member/ripp_/public_html/tgphpc/Derpibooru/Derpibooru.php on line 78
[17-Jan-2016 09:04:03 UTC] PHP Notice:  Undefined index: key in /home/member/ripp_/public_html/tgphpc/Derpibooru/Derpibooru.php on line 78
[17-Jan-2016 09:04:14 UTC] PHP Notice:  Undefined index: key in /home/member/ripp_/public_html/tgphpc/Derpibooru/Derpibooru.php on line 78
[17-Jan-2016 09:04:17 UTC] PHP Notice:  Undefined index: key in /home/member/ripp_/public_html/tgphpc/Derpibooru/Derpibooru.php on line 78
[17-Jan-2016 09:04:22 UTC] PHP Notice:  Undefined variable: page in /home/member/ripp_/public_html/tgphpc/Derpibooru/Derpibooru.php on line 120
[17-Jan-2016 09:04:22 UTC] PHP Notice:  Undefined index: key in /home/member/ripp_/public_html/tgphpc/Derpibooru/Derpibooru.php on line 121
[17-Jan-2016 09:04:22 UTC] PHP Notice:  Undefined index: key in /home/member/ripp_/public_html/tgphpc/Derpibooru/Derpibooru.php on line 78
[17-Jan-2016 09:04:24 UTC] PHP Notice:  Undefined index: key in /home/member/ripp_/public_html/tgphpc/Derpibooru/Derpibooru.php on line 78
[17-Jan-2016 09:04:27 UTC] PHP Notice:  Undefined index: key in /home/member/ripp_/public_html/tgphpc/Derpibooru/Derpibooru.php on line 78
[17-Jan-2016 09:04:28 UTC] PHP Notice:  Undefined index: key in /home/member/ripp_/public_html/tgphpc/Derpibooru/Derpibooru.php on line 78
[17-Jan-2016 09:04:29 UTC] PHP Notice:  Undefined index: key in /home/member/ripp_/public_html/tgphpc/Derpibooru/Derpibooru.php on line 78
[17-Jan-2016 09:04:30 UTC] PHP Notice:  Undefined index: key in /home/member/ripp_/public_html/tgphpc/Derpibooru/Derpibooru.php on line 78
[17-Jan-2016 09:04:31 UTC] PHP Notice:  Undefined index: key in /home/member/ripp_/public_html/tgphpc/Derpibooru/Derpibooru.php on line 78
[17-Jan-2016 09:04:33 UTC] PHP Notice:  Undefined index: key in /home/member/ripp_/public_html/tgphpc/Derpibooru/Derpibooru.php on line 78
[17-Jan-2016 09:04:43 UTC] PHP Notice:  Undefined index: key in /home/member/ripp_/public_html/tgphpc/Derpibooru/Derpibooru.php on line 78
[17-Jan-2016 09:04:44 UTC] PHP Notice:  Undefined index: key in /home/member/ripp_/public_html/tgphpc/Derpibooru/Derpibooru.php on line 78
[17-Jan-2016 09:04:44 UTC] PHP Notice:  Undefined index: key in /home/member/ripp_/public_html/tgphpc/Derpibooru/Derpibooru.php on line 78
[17-Jan-2016 09:04:44 UTC] PHP Notice:  Undefined index: key in /home/member/ripp_/public_html/tgphpc/Derpibooru/Derpibooru.php on line 78
[17-Jan-2016 09:04:45 UTC] PHP Notice:  Undefined index: key in /home/member/ripp_/public_html/tgphpc/Derpibooru/Derpibooru.php on line 78
[17-Jan-2016 09:04:45 UTC] PHP Notice:  Undefined index: key in /home/member/ripp_/public_html/tgphpc/Derpibooru/Derpibooru.php on line 78
[17-Jan-2016 09:04:47 UTC] PHP Notice:  Undefined index: key in /home/member/ripp_/public_html/tgphpc/Derpibooru/Derpibooru.php on line 78
[17-Jan-2016 09:04:47 UTC] PHP Notice:  Undefined index: key in /home/member/ripp_/public_html/tgphpc/Derpibooru/Derpibooru.php on line 78
[17-Jan-2016 09:04:48 UTC] PHP Notice:  Undefined index: key in /home/member/ripp_/public_html/tgphpc/Derpibooru/Derpibooru.php on line 78
[17-Jan-2016 09:04:49 UTC] PHP Notice:  Undefined index: key in /home/member/ripp_/public_html/tgphpc/Derpibooru/Derpibooru.php on line 78
[17-Jan-2016 09:04:53 UTC] PHP Notice:  Undefined index: key in /home/member/ripp_/public_html/tgphpc/Derpibooru/Derpibooru.php on line 78
[17-Jan-2016 09:04:54 UTC] PHP Notice:  Undefined index: key in /home/member/ripp_/public_html/tgphpc/Derpibooru/Derpibooru.php on line 78
[17-Jan-2016 09:04:54 UTC] PHP Notice:  Undefined index: key in /home/member/ripp_/public_html/tgphpc/Derpibooru/Derpibooru.php on line 78
[17-Jan-2016 09:04:55 UTC] PHP Notice:  Undefined index: key in /home/member/ripp_/public_html/tgphpc/Derpibooru/Derpibooru.php on line 78
[17-Jan-2016 09:04:55 UTC] PHP Notice:  Undefined index: key in /home/member/ripp_/public_html/tgphpc/Derpibooru/Derpibooru.php on line 78
[17-Jan-2016 09:04:55 UTC] PHP Notice:  Undefined index: key in /home/member/ripp_/public_html/tgphpc/Derpibooru/Derpibooru.php on line 78
[17-Jan-2016 09:04:57 UTC] PHP Notice:  Undefined index: key in /home/member/ripp_/public_html/tgphpc/Derpibooru/Derpibooru.php on line 78
[17-Jan-2016 09:04:59 UTC] PHP Notice:  Undefined index: key in /home/member/ripp_/public_html/tgphpc/Derpibooru/Derpibooru.php on line 78
[17-Jan-2016 09:05:02 UTC] PHP Notice:  Undefined index: key in /home/member/ripp_/public_html/tgphpc/Derpibooru/Derpibooru.php on line 78
[17-Jan-2016 16:44:44 UTC] PHP Notice:  Undefined variable: page in /home/member/ripp_/public_html/tgphpc/Derpibooru/Derpibooru.php on line 120
[17-Jan-2016 16:44:46 UTC] PHP Notice:  Undefined variable: page in /home/member/ripp_/public_html/tgphpc/Derpibooru/Derpibooru.php on line 120
[17-Jan-2016 17:17:31 UTC] PHP Notice:  Undefined variable: page in /home/member/ripp_/public_html/tgphpc/Derpibooru/Derpibooru.php on line 120
[17-Jan-2016 17:17:31 UTC] PHP Notice:  Undefined index: key in /home/member/ripp_/public_html/tgphpc/Derpibooru/Derpibooru.php on line 121
[17-Jan-2016 17:17:31 UTC] PHP Notice:  Undefined index: key in /home/member/ripp_/public_html/tgphpc/Derpibooru/Derpibooru.php on line 78
[17-Jan-2016 17:17:31 UTC] PHP Notice:  Undefined variable: page in /home/member/ripp_/public_html/tgphpc/Derpibooru/Derpibooru.php on line 120
[17-Jan-2016 17:17:31 UTC] PHP Notice:  Undefined index: key in /home/member/ripp_/public_html/tgphpc/Derpibooru/Derpibooru.php on line 121
[17-Jan-2016 17:17:31 UTC] PHP Notice:  Undefined index: key in /home/member/ripp_/public_html/tgphpc/Derpibooru/Derpibooru.php on line 78
[17-Jan-2016 17:17:34 UTC] PHP Notice:  Undefined index: key in /home/member/ripp_/public_html/tgphpc/Derpibooru/Derpibooru.php on line 78
[17-Jan-2016 17:17:35 UTC] PHP Notice:  Undefined index: key in /home/member/ripp_/public_html/tgphpc/Derpibooru/Derpibooru.php on line 78
[17-Jan-2016 17:17:40 UTC] PHP Notice:  Undefined index: key in /home/member/ripp_/public_html/tgphpc/Derpibooru/Derpibooru.php on line 78
[17-Jan-2016 17:17:47 UTC] PHP Notice:  Undefined index: key in /home/member/ripp_/public_html/tgphpc/Derpibooru/Derpibooru.php on line 78
[17-Jan-2016 17:17:48 UTC] PHP Notice:  Undefined index: key in /home/member/ripp_/public_html/tgphpc/Derpibooru/Derpibooru.php on line 78
[17-Jan-2016 17:17:50 UTC] PHP Notice:  Undefined index: key in /home/member/ripp_/public_html/tgphpc/Derpibooru/Derpibooru.php on line 78
[17-Jan-2016 17:17:54 UTC] PHP Notice:  Undefined index: key in /home/member/ripp_/public_html/tgphpc/Derpibooru/Derpibooru.php on line 78
[17-Jan-2016 17:17:58 UTC] PHP Notice:  Undefined index: key in /home/member/ripp_/public_html/tgphpc/Derpibooru/Derpibooru.php on line 78
[17-Jan-2016 17:17:59 UTC] PHP Notice:  Undefined index: key in /home/member/ripp_/public_html/tgphpc/Derpibooru/Derpibooru.php on line 78
[17-Jan-2016 17:18:13 UTC] PHP Notice:  Undefined index: key in /home/member/ripp_/public_html/tgphpc/Derpibooru/Derpibooru.php on line 78
[17-Jan-2016 17:18:14 UTC] PHP Notice:  Undefined index: key in /home/member/ripp_/public_html/tgphpc/Derpibooru/Derpibooru.php on line 78
[17-Jan-2016 17:18:15 UTC] PHP Notice:  Undefined index: key in /home/member/ripp_/public_html/tgphpc/Derpibooru/Derpibooru.php on line 78
[17-Jan-2016 17:18:15 UTC] PHP Notice:  Undefined index: key in /home/member/ripp_/public_html/tgphpc/Derpibooru/Derpibooru.php on line 78
[17-Jan-2016 17:18:23 UTC] PHP Notice:  Undefined index: key in /home/member/ripp_/public_html/tgphpc/Derpibooru/Derpibooru.php on line 78
[17-Jan-2016 17:18:23 UTC] PHP Notice:  Undefined index: key in /home/member/ripp_/public_html/tgphpc/Derpibooru/Derpibooru.php on line 78
[17-Jan-2016 22:41:34 UTC] PHP Notice:  Undefined variable: page in /home/member/ripp_/public_html/tgphpc/Derpibooru/Derpibooru.php on line 120
[19-Jan-2016 08:42:08 UTC] PHP Notice:  Undefined variable: page in /home/member/ripp_/public_html/tgphpc/Derpibooru/Derpibooru.php on line 120
[19-Jan-2016 09:51:16 UTC] PHP Notice:  Undefined variable: page in /home/member/ripp_/public_html/tgphpc/Derpibooru/Derpibooru.php on line 120
[19-Jan-2016 09:51:16 UTC] PHP Notice:  Undefined index: key in /home/member/ripp_/public_html/tgphpc/Derpibooru/Derpibooru.php on line 121
[19-Jan-2016 09:51:16 UTC] PHP Notice:  Undefined index: key in /home/member/ripp_/public_html/tgphpc/Derpibooru/Derpibooru.php on line 78
[19-Jan-2016 09:51:18 UTC] PHP Notice:  Undefined index: key in /home/member/ripp_/public_html/tgphpc/Derpibooru/Derpibooru.php on line 78
[19-Jan-2016 09:51:20 UTC] PHP Notice:  Undefined index: key in /home/member/ripp_/public_html/tgphpc/Derpibooru/Derpibooru.php on line 78
[19-Jan-2016 09:51:20 UTC] PHP Notice:  Undefined index: key in /home/member/ripp_/public_html/tgphpc/Derpibooru/Derpibooru.php on line 78
[19-Jan-2016 09:51:21 UTC] PHP Notice:  Undefined index: key in /home/member/ripp_/public_html/tgphpc/Derpibooru/Derpibooru.php on line 78
[19-Jan-2016 09:51:23 UTC] PHP Notice:  Undefined index: key in /home/member/ripp_/public_html/tgphpc/Derpibooru/Derpibooru.php on line 78
[19-Jan-2016 09:51:23 UTC] PHP Notice:  Undefined index: key in /home/member/ripp_/public_html/tgphpc/Derpibooru/Derpibooru.php on line 78
[19-Jan-2016 09:51:37 UTC] PHP Notice:  Undefined index: key in /home/member/ripp_/public_html/tgphpc/Derpibooru/Derpibooru.php on line 78
[19-Jan-2016 10:18:04 UTC] PHP Notice:  Undefined variable: page in /home/member/ripp_/public_html/tgphpc/Derpibooru/Derpibooru.php on line 120
[19-Jan-2016 10:18:04 UTC] PHP Notice:  Undefined index: key in /home/member/ripp_/public_html/tgphpc/Derpibooru/Derpibooru.php on line 121
[19-Jan-2016 10:18:04 UTC] PHP Notice:  Undefined index: key in /home/member/ripp_/public_html/tgphpc/Derpibooru/Derpibooru.php on line 78
[19-Jan-2016 10:18:05 UTC] PHP Notice:  Undefined variable: page in /home/member/ripp_/public_html/tgphpc/Derpibooru/Derpibooru.php on line 120
[19-Jan-2016 10:18:05 UTC] PHP Notice:  Undefined index: key in /home/member/ripp_/public_html/tgphpc/Derpibooru/Derpibooru.php on line 121
[19-Jan-2016 10:18:05 UTC] PHP Notice:  Undefined index: key in /home/member/ripp_/public_html/tgphpc/Derpibooru/Derpibooru.php on line 78
[19-Jan-2016 10:18:06 UTC] PHP Notice:  Undefined index: key in /home/member/ripp_/public_html/tgphpc/Derpibooru/Derpibooru.php on line 78
[19-Jan-2016 10:18:06 UTC] PHP Notice:  Undefined index: key in /home/member/ripp_/public_html/tgphpc/Derpibooru/Derpibooru.php on line 78
[19-Jan-2016 10:18:07 UTC] PHP Notice:  Undefined index: key in /home/member/ripp_/public_html/tgphpc/Derpibooru/Derpibooru.php on line 78
[19-Jan-2016 10:18:09 UTC] PHP Notice:  Undefined index: key in /home/member/ripp_/public_html/tgphpc/Derpibooru/Derpibooru.php on line 78
[19-Jan-2016 10:18:10 UTC] PHP Notice:  Undefined index: key in /home/member/ripp_/public_html/tgphpc/Derpibooru/Derpibooru.php on line 78
[19-Jan-2016 10:18:12 UTC] PHP Notice:  Undefined index: key in /home/member/ripp_/public_html/tgphpc/Derpibooru/Derpibooru.php on line 78
[19-Jan-2016 10:18:12 UTC] PHP Notice:  Undefined index: key in /home/member/ripp_/public_html/tgphpc/Derpibooru/Derpibooru.php on line 78
[19-Jan-2016 10:18:27 UTC] PHP Notice:  Undefined index: key in /home/member/ripp_/public_html/tgphpc/Derpibooru/Derpibooru.php on line 78
[19-Jan-2016 10:38:36 UTC] PHP Notice:  Undefined variable: page in /home/member/ripp_/public_html/tgphpc/Derpibooru/Derpibooru.php on line 120
[19-Jan-2016 10:38:36 UTC] PHP Notice:  Undefined index: key in /home/member/ripp_/public_html/tgphpc/Derpibooru/Derpibooru.php on line 121
[19-Jan-2016 10:38:36 UTC] PHP Notice:  Undefined index: key in /home/member/ripp_/public_html/tgphpc/Derpibooru/Derpibooru.php on line 78
[19-Jan-2016 10:38:36 UTC] PHP Notice:  Undefined variable: page in /home/member/ripp_/public_html/tgphpc/Derpibooru/Derpibooru.php on line 120
[19-Jan-2016 10:38:36 UTC] PHP Notice:  Undefined index: key in /home/member/ripp_/public_html/tgphpc/Derpibooru/Derpibooru.php on line 121
[19-Jan-2016 10:38:36 UTC] PHP Notice:  Undefined index: key in /home/member/ripp_/public_html/tgphpc/Derpibooru/Derpibooru.php on line 78
[19-Jan-2016 10:38:37 UTC] PHP Notice:  Undefined index: key in /home/member/ripp_/public_html/tgphpc/Derpibooru/Derpibooru.php on line 78
[19-Jan-2016 10:38:39 UTC] PHP Notice:  Undefined index: key in /home/member/ripp_/public_html/tgphpc/Derpibooru/Derpibooru.php on line 78
[19-Jan-2016 10:38:40 UTC] PHP Notice:  Undefined index: key in /home/member/ripp_/public_html/tgphpc/Derpibooru/Derpibooru.php on line 78
[19-Jan-2016 10:38:44 UTC] PHP Notice:  Undefined index: key in /home/member/ripp_/public_html/tgphpc/Derpibooru/Derpibooru.php on line 78
[19-Jan-2016 10:38:44 UTC] PHP Notice:  Undefined index: key in /home/member/ripp_/public_html/tgphpc/Derpibooru/Derpibooru.php on line 78
[19-Jan-2016 10:38:46 UTC] PHP Notice:  Undefined index: key in /home/member/ripp_/public_html/tgphpc/Derpibooru/Derpibooru.php on line 78
[19-Jan-2016 10:38:47 UTC] PHP Notice:  Undefined index: key in /home/member/ripp_/public_html/tgphpc/Derpibooru/Derpibooru.php on line 78
[19-Jan-2016 11:46:35 UTC] PHP Notice:  Undefined variable: page in /home/member/ripp_/public_html/tgphpc/Derpibooru/Derpibooru.php on line 120
[19-Jan-2016 11:46:35 UTC] PHP Notice:  Undefined index: key in /home/member/ripp_/public_html/tgphpc/Derpibooru/Derpibooru.php on line 121
[19-Jan-2016 11:46:35 UTC] PHP Notice:  Undefined index: key in /home/member/ripp_/public_html/tgphpc/Derpibooru/Derpibooru.php on line 78
[19-Jan-2016 11:46:36 UTC] PHP Notice:  Undefined index: key in /home/member/ripp_/public_html/tgphpc/Derpibooru/Derpibooru.php on line 78
[19-Jan-2016 11:46:37 UTC] PHP Notice:  Undefined index: key in /home/member/ripp_/public_html/tgphpc/Derpibooru/Derpibooru.php on line 78
[19-Jan-2016 11:46:40 UTC] PHP Notice:  Undefined index: key in /home/member/ripp_/public_html/tgphpc/Derpibooru/Derpibooru.php on line 78
[19-Jan-2016 11:46:41 UTC] PHP Notice:  Undefined index: key in /home/member/ripp_/public_html/tgphpc/Derpibooru/Derpibooru.php on line 78
[19-Jan-2016 13:20:23 UTC] PHP Notice:  Undefined variable: page in /home/member/ripp_/public_html/tgphpc/Derpibooru/Derpibooru.php on line 120
[19-Jan-2016 13:20:23 UTC] PHP Notice:  Undefined index: key in /home/member/ripp_/public_html/tgphpc/Derpibooru/Derpibooru.php on line 121
[19-Jan-2016 13:20:23 UTC] PHP Notice:  Undefined index: key in /home/member/ripp_/public_html/tgphpc/Derpibooru/Derpibooru.php on line 78
[19-Jan-2016 13:20:24 UTC] PHP Notice:  Undefined index: key in /home/member/ripp_/public_html/tgphpc/Derpibooru/Derpibooru.php on line 78
[19-Jan-2016 13:20:27 UTC] PHP Notice:  Undefined index: key in /home/member/ripp_/public_html/tgphpc/Derpibooru/Derpibooru.php on line 78
[19-Jan-2016 13:20:27 UTC] PHP Notice:  Undefined index: key in /home/member/ripp_/public_html/tgphpc/Derpibooru/Derpibooru.php on line 78
[19-Jan-2016 13:20:29 UTC] PHP Notice:  Undefined index: key in /home/member/ripp_/public_html/tgphpc/Derpibooru/Derpibooru.php on line 78
[19-Jan-2016 13:20:43 UTC] PHP Notice:  Undefined index: key in /home/member/ripp_/public_html/tgphpc/Derpibooru/Derpibooru.php on line 78
[19-Jan-2016 13:26:58 UTC] PHP Notice:  Undefined variable: page in /home/member/ripp_/public_html/tgphpc/Derpibooru/Derpibooru.php on line 120
[19-Jan-2016 13:26:58 UTC] PHP Notice:  Undefined index: key in /home/member/ripp_/public_html/tgphpc/Derpibooru/Derpibooru.php on line 121
[19-Jan-2016 13:26:58 UTC] PHP Notice:  Undefined index: key in /home/member/ripp_/public_html/tgphpc/Derpibooru/Derpibooru.php on line 78
[19-Jan-2016 13:26:58 UTC] PHP Notice:  Undefined variable: page in /home/member/ripp_/public_html/tgphpc/Derpibooru/Derpibooru.php on line 120
[19-Jan-2016 13:26:58 UTC] PHP Notice:  Undefined index: key in /home/member/ripp_/public_html/tgphpc/Derpibooru/Derpibooru.php on line 121
[19-Jan-2016 13:26:58 UTC] PHP Notice:  Undefined index: key in /home/member/ripp_/public_html/tgphpc/Derpibooru/Derpibooru.php on line 78
[19-Jan-2016 13:27:01 UTC] PHP Notice:  Undefined index: key in /home/member/ripp_/public_html/tgphpc/Derpibooru/Derpibooru.php on line 78
[19-Jan-2016 13:27:03 UTC] PHP Notice:  Undefined index: key in /home/member/ripp_/public_html/tgphpc/Derpibooru/Derpibooru.php on line 78
[19-Jan-2016 13:27:05 UTC] PHP Notice:  Undefined index: key in /home/member/ripp_/public_html/tgphpc/Derpibooru/Derpibooru.php on line 78
[19-Jan-2016 13:31:15 UTC] PHP Notice:  Undefined index: key in /home/member/ripp_/public_html/tgphpc/Derpibooru/Derpibooru.php on line 78
[19-Jan-2016 13:31:16 UTC] PHP Notice:  Undefined index: key in /home/member/ripp_/public_html/tgphpc/Derpibooru/Derpibooru.php on line 78
[19-Jan-2016 13:31:18 UTC] PHP Notice:  Undefined index: key in /home/member/ripp_/public_html/tgphpc/Derpibooru/Derpibooru.php on line 78
[19-Jan-2016 13:31:19 UTC] PHP Notice:  Undefined index: key in /home/member/ripp_/public_html/tgphpc/Derpibooru/Derpibooru.php on line 78
[19-Jan-2016 13:31:20 UTC] PHP Notice:  Undefined index: key in /home/member/ripp_/public_html/tgphpc/Derpibooru/Derpibooru.php on line 78
[19-Jan-2016 13:31:23 UTC] PHP Notice:  Undefined index: key in /home/member/ripp_/public_html/tgphpc/Derpibooru/Derpibooru.php on line 78
[19-Jan-2016 13:31:30 UTC] PHP Notice:  Undefined index: key in /home/member/ripp_/public_html/tgphpc/Derpibooru/Derpibooru.php on line 78
[19-Jan-2016 13:31:39 UTC] PHP Notice:  Undefined index: key in /home/member/ripp_/public_html/tgphpc/Derpibooru/Derpibooru.php on line 78
[19-Jan-2016 13:31:40 UTC] PHP Notice:  Undefined index: key in /home/member/ripp_/public_html/tgphpc/Derpibooru/Derpibooru.php on line 78
[19-Jan-2016 13:31:47 UTC] PHP Notice:  Undefined index: key in /home/member/ripp_/public_html/tgphpc/Derpibooru/Derpibooru.php on line 78
[19-Jan-2016 13:31:49 UTC] PHP Notice:  Undefined index: key in /home/member/ripp_/public_html/tgphpc/Derpibooru/Derpibooru.php on line 78
[19-Jan-2016 13:32:00 UTC] PHP Notice:  Undefined index: key in /home/member/ripp_/public_html/tgphpc/Derpibooru/Derpibooru.php on line 78
[19-Jan-2016 13:32:03 UTC] PHP Notice:  Undefined index: key in /home/member/ripp_/public_html/tgphpc/Derpibooru/Derpibooru.php on line 78
[19-Jan-2016 13:32:04 UTC] PHP Notice:  Undefined index: key in /home/member/ripp_/public_html/tgphpc/Derpibooru/Derpibooru.php on line 78
[19-Jan-2016 13:32:17 UTC] PHP Notice:  Undefined index: key in /home/member/ripp_/public_html/tgphpc/Derpibooru/Derpibooru.php on line 78
[19-Jan-2016 13:57:13 UTC] PHP Notice:  Undefined variable: page in /home/member/ripp_/public_html/tgphpc/Derpibooru/Derpibooru.php on line 120
[19-Jan-2016 13:57:13 UTC] PHP Notice:  Undefined index: key in /home/member/ripp_/public_html/tgphpc/Derpibooru/Derpibooru.php on line 121
[19-Jan-2016 13:57:13 UTC] PHP Notice:  Undefined index: key in /home/member/ripp_/public_html/tgphpc/Derpibooru/Derpibooru.php on line 78
[19-Jan-2016 13:57:15 UTC] PHP Notice:  Undefined index: key in /home/member/ripp_/public_html/tgphpc/Derpibooru/Derpibooru.php on line 78
[19-Jan-2016 13:57:16 UTC] PHP Notice:  Undefined index: key in /home/member/ripp_/public_html/tgphpc/Derpibooru/Derpibooru.php on line 78
[19-Jan-2016 13:57:19 UTC] PHP Notice:  Undefined index: key in /home/member/ripp_/public_html/tgphpc/Derpibooru/Derpibooru.php on line 78
[19-Jan-2016 13:57:23 UTC] PHP Notice:  Undefined index: key in /home/member/ripp_/public_html/tgphpc/Derpibooru/Derpibooru.php on line 78
[19-Jan-2016 13:57:28 UTC] PHP Notice:  Undefined index: key in /home/member/ripp_/public_html/tgphpc/Derpibooru/Derpibooru.php on line 78
[19-Jan-2016 13:57:31 UTC] PHP Notice:  Undefined index: key in /home/member/ripp_/public_html/tgphpc/Derpibooru/Derpibooru.php on line 78
[19-Jan-2016 14:52:50 UTC] PHP Notice:  Undefined variable: page in /home/member/ripp_/public_html/tgphpc/Derpibooru/Derpibooru.php on line 120
[19-Jan-2016 14:52:50 UTC] PHP Notice:  Undefined index: key in /home/member/ripp_/public_html/tgphpc/Derpibooru/Derpibooru.php on line 121
[19-Jan-2016 14:52:50 UTC] PHP Notice:  Undefined index: key in /home/member/ripp_/public_html/tgphpc/Derpibooru/Derpibooru.php on line 78
[19-Jan-2016 14:52:52 UTC] PHP Notice:  Undefined index: key in /home/member/ripp_/public_html/tgphpc/Derpibooru/Derpibooru.php on line 78
[19-Jan-2016 14:52:53 UTC] PHP Notice:  Undefined index: key in /home/member/ripp_/public_html/tgphpc/Derpibooru/Derpibooru.php on line 78
[19-Jan-2016 14:52:56 UTC] PHP Notice:  Undefined index: key in /home/member/ripp_/public_html/tgphpc/Derpibooru/Derpibooru.php on line 78
[19-Jan-2016 14:52:57 UTC] PHP Notice:  Undefined index: key in /home/member/ripp_/public_html/tgphpc/Derpibooru/Derpibooru.php on line 78
[19-Jan-2016 14:52:57 UTC] PHP Notice:  Undefined index: key in /home/member/ripp_/public_html/tgphpc/Derpibooru/Derpibooru.php on line 78
[19-Jan-2016 14:52:58 UTC] PHP Notice:  Undefined index: key in /home/member/ripp_/public_html/tgphpc/Derpibooru/Derpibooru.php on line 78
[19-Jan-2016 14:53:00 UTC] PHP Notice:  Undefined index: key in /home/member/ripp_/public_html/tgphpc/Derpibooru/Derpibooru.php on line 78
[19-Jan-2016 14:53:06 UTC] PHP Notice:  Undefined index: key in /home/member/ripp_/public_html/tgphpc/Derpibooru/Derpibooru.php on line 78
[19-Jan-2016 14:53:07 UTC] PHP Notice:  Undefined index: key in /home/member/ripp_/public_html/tgphpc/Derpibooru/Derpibooru.php on line 78
[19-Jan-2016 14:55:55 UTC] PHP Notice:  Undefined index: key in /home/member/ripp_/public_html/tgphpc/Derpibooru/Derpibooru.php on line 78
[19-Jan-2016 14:55:57 UTC] PHP Notice:  Undefined index: key in /home/member/ripp_/public_html/tgphpc/Derpibooru/Derpibooru.php on line 78
[19-Jan-2016 14:55:57 UTC] PHP Notice:  Undefined index: key in /home/member/ripp_/public_html/tgphpc/Derpibooru/Derpibooru.php on line 78
[19-Jan-2016 14:55:57 UTC] PHP Notice:  Undefined index: key in /home/member/ripp_/public_html/tgphpc/Derpibooru/Derpibooru.php on line 78
[19-Jan-2016 14:55:58 UTC] PHP Notice:  Undefined index: key in /home/member/ripp_/public_html/tgphpc/Derpibooru/Derpibooru.php on line 78
[19-Jan-2016 20:46:45 UTC] PHP Notice:  Undefined variable: page in /home/member/ripp_/public_html/tgphpc/Derpibooru/Derpibooru.php on line 120
[19-Jan-2016 20:46:45 UTC] PHP Notice:  Undefined index: key in /home/member/ripp_/public_html/tgphpc/Derpibooru/Derpibooru.php on line 121
[19-Jan-2016 20:46:45 UTC] PHP Notice:  Undefined index: key in /home/member/ripp_/public_html/tgphpc/Derpibooru/Derpibooru.php on line 78
[19-Jan-2016 20:46:49 UTC] PHP Notice:  Undefined index: key in /home/member/ripp_/public_html/tgphpc/Derpibooru/Derpibooru.php on line 78
[19-Jan-2016 20:46:49 UTC] PHP Notice:  Undefined index: key in /home/member/ripp_/public_html/tgphpc/Derpibooru/Derpibooru.php on line 78
[19-Jan-2016 20:46:51 UTC] PHP Notice:  Undefined index: key in /home/member/ripp_/public_html/tgphpc/Derpibooru/Derpibooru.php on line 78
[19-Jan-2016 20:46:51 UTC] PHP Notice:  Undefined index: key in /home/member/ripp_/public_html/tgphpc/Derpibooru/Derpibooru.php on line 78
[19-Jan-2016 20:46:53 UTC] PHP Notice:  Undefined index: key in /home/member/ripp_/public_html/tgphpc/Derpibooru/Derpibooru.php on line 78
[19-Jan-2016 20:46:55 UTC] PHP Notice:  Undefined index: key in /home/member/ripp_/public_html/tgphpc/Derpibooru/Derpibooru.php on line 78
[19-Jan-2016 20:50:39 UTC] PHP Notice:  Undefined index: key in /home/member/ripp_/public_html/tgphpc/Derpibooru/Derpibooru.php on line 78
[19-Jan-2016 20:50:41 UTC] PHP Notice:  Undefined index: key in /home/member/ripp_/public_html/tgphpc/Derpibooru/Derpibooru.php on line 78
[19-Jan-2016 20:50:43 UTC] PHP Notice:  Undefined index: key in /home/member/ripp_/public_html/tgphpc/Derpibooru/Derpibooru.php on line 78
[19-Jan-2016 20:51:00 UTC] PHP Notice:  Undefined index: key in /home/member/ripp_/public_html/tgphpc/Derpibooru/Derpibooru.php on line 78
[19-Jan-2016 20:51:06 UTC] PHP Notice:  Undefined index: key in /home/member/ripp_/public_html/tgphpc/Derpibooru/Derpibooru.php on line 78
[19-Jan-2016 20:51:11 UTC] PHP Notice:  Undefined index: key in /home/member/ripp_/public_html/tgphpc/Derpibooru/Derpibooru.php on line 78
[19-Jan-2016 20:51:12 UTC] PHP Notice:  Undefined index: key in /home/member/ripp_/public_html/tgphpc/Derpibooru/Derpibooru.php on line 78
[19-Jan-2016 20:51:13 UTC] PHP Notice:  Undefined index: key in /home/member/ripp_/public_html/tgphpc/Derpibooru/Derpibooru.php on line 78
[19-Jan-2016 20:53:05 UTC] PHP Notice:  Undefined variable: page in /home/member/ripp_/public_html/tgphpc/Derpibooru/Derpibooru.php on line 120
[19-Jan-2016 20:53:05 UTC] PHP Notice:  Undefined index: key in /home/member/ripp_/public_html/tgphpc/Derpibooru/Derpibooru.php on line 121
[19-Jan-2016 20:53:05 UTC] PHP Notice:  Undefined index: key in /home/member/ripp_/public_html/tgphpc/Derpibooru/Derpibooru.php on line 78
[19-Jan-2016 20:53:08 UTC] PHP Notice:  Undefined index: key in /home/member/ripp_/public_html/tgphpc/Derpibooru/Derpibooru.php on line 78
[19-Jan-2016 20:53:09 UTC] PHP Notice:  Undefined index: key in /home/member/ripp_/public_html/tgphpc/Derpibooru/Derpibooru.php on line 78
[19-Jan-2016 20:53:09 UTC] PHP Notice:  Undefined index: key in /home/member/ripp_/public_html/tgphpc/Derpibooru/Derpibooru.php on line 78
[19-Jan-2016 20:53:15 UTC] PHP Notice:  Undefined index: key in /home/member/ripp_/public_html/tgphpc/Derpibooru/Derpibooru.php on line 78
[19-Jan-2016 20:53:50 UTC] PHP Notice:  Undefined index: key in /home/member/ripp_/public_html/tgphpc/Derpibooru/Derpibooru.php on line 78
[19-Jan-2016 20:55:43 UTC] PHP Notice:  Undefined index: key in /home/member/ripp_/public_html/tgphpc/Derpibooru/Derpibooru.php on line 78
[19-Jan-2016 20:55:43 UTC] PHP Notice:  Undefined index: key in /home/member/ripp_/public_html/tgphpc/Derpibooru/Derpibooru.php on line 78
[19-Jan-2016 20:55:44 UTC] PHP Notice:  Undefined index: key in /home/member/ripp_/public_html/tgphpc/Derpibooru/Derpibooru.php on line 78
[19-Jan-2016 20:59:45 UTC] PHP Notice:  Undefined index: key in /home/member/ripp_/public_html/tgphpc/Derpibooru/Derpibooru.php on line 78
[19-Jan-2016 20:59:47 UTC] PHP Notice:  Undefined index: key in /home/member/ripp_/public_html/tgphpc/Derpibooru/Derpibooru.php on line 78
[19-Jan-2016 20:59:47 UTC] PHP Notice:  Undefined index: key in /home/member/ripp_/public_html/tgphpc/Derpibooru/Derpibooru.php on line 78
[19-Jan-2016 20:59:48 UTC] PHP Notice:  Undefined index: key in /home/member/ripp_/public_html/tgphpc/Derpibooru/Derpibooru.php on line 78
[19-Jan-2016 20:59:49 UTC] PHP Notice:  Undefined index: key in /home/member/ripp_/public_html/tgphpc/Derpibooru/Derpibooru.php on line 78
[19-Jan-2016 21:00:10 UTC] PHP Notice:  Undefined index: key in /home/member/ripp_/public_html/tgphpc/Derpibooru/Derpibooru.php on line 78
[19-Jan-2016 21:00:16 UTC] PHP Notice:  Undefined index: key in /home/member/ripp_/public_html/tgphpc/Derpibooru/Derpibooru.php on line 78
[19-Jan-2016 21:00:20 UTC] PHP Notice:  Undefined index: key in /home/member/ripp_/public_html/tgphpc/Derpibooru/Derpibooru.php on line 78
[19-Jan-2016 21:00:22 UTC] PHP Notice:  Undefined index: key in /home/member/ripp_/public_html/tgphpc/Derpibooru/Derpibooru.php on line 78
[19-Jan-2016 21:00:41 UTC] PHP Notice:  Undefined index: key in /home/member/ripp_/public_html/tgphpc/Derpibooru/Derpibooru.php on line 78
[19-Jan-2016 21:00:50 UTC] PHP Notice:  Undefined index: key in /home/member/ripp_/public_html/tgphpc/Derpibooru/Derpibooru.php on line 78
[19-Jan-2016 21:00:57 UTC] PHP Notice:  Undefined index: key in /home/member/ripp_/public_html/tgphpc/Derpibooru/Derpibooru.php on line 78
[19-Jan-2016 21:00:58 UTC] PHP Notice:  Undefined index: key in /home/member/ripp_/public_html/tgphpc/Derpibooru/Derpibooru.php on line 78
[19-Jan-2016 21:00:58 UTC] PHP Notice:  Undefined index: key in /home/member/ripp_/public_html/tgphpc/Derpibooru/Derpibooru.php on line 78
[19-Jan-2016 21:14:44 UTC] PHP Notice:  Undefined variable: page in /home/member/ripp_/public_html/tgphpc/Derpibooru/Derpibooru.php on line 120
[19-Jan-2016 21:14:44 UTC] PHP Notice:  Undefined index: key in /home/member/ripp_/public_html/tgphpc/Derpibooru/Derpibooru.php on line 121
[19-Jan-2016 21:14:44 UTC] PHP Notice:  Undefined index: key in /home/member/ripp_/public_html/tgphpc/Derpibooru/Derpibooru.php on line 78
[19-Jan-2016 21:14:45 UTC] PHP Notice:  Undefined index: key in /home/member/ripp_/public_html/tgphpc/Derpibooru/Derpibooru.php on line 78
[19-Jan-2016 21:14:48 UTC] PHP Notice:  Undefined index: key in /home/member/ripp_/public_html/tgphpc/Derpibooru/Derpibooru.php on line 78
[19-Jan-2016 21:22:00 UTC] PHP Notice:  Undefined index: key in /home/member/ripp_/public_html/tgphpc/Derpibooru/Derpibooru.php on line 78
[19-Jan-2016 21:22:03 UTC] PHP Notice:  Undefined index: key in /home/member/ripp_/public_html/tgphpc/Derpibooru/Derpibooru.php on line 78
[19-Jan-2016 21:22:05 UTC] PHP Notice:  Undefined index: key in /home/member/ripp_/public_html/tgphpc/Derpibooru/Derpibooru.php on line 78
[19-Jan-2016 21:22:07 UTC] PHP Notice:  Undefined index: key in /home/member/ripp_/public_html/tgphpc/Derpibooru/Derpibooru.php on line 78
[19-Jan-2016 21:22:10 UTC] PHP Notice:  Undefined index: key in /home/member/ripp_/public_html/tgphpc/Derpibooru/Derpibooru.php on line 78
[19-Jan-2016 21:22:14 UTC] PHP Notice:  Undefined index: key in /home/member/ripp_/public_html/tgphpc/Derpibooru/Derpibooru.php on line 78
[19-Jan-2016 21:22:18 UTC] PHP Notice:  Undefined index: key in /home/member/ripp_/public_html/tgphpc/Derpibooru/Derpibooru.php on line 78
[19-Jan-2016 21:22:19 UTC] PHP Notice:  Undefined index: key in /home/member/ripp_/public_html/tgphpc/Derpibooru/Derpibooru.php on line 78
[19-Jan-2016 21:26:55 UTC] PHP Notice:  Undefined index: key in /home/member/ripp_/public_html/tgphpc/Derpibooru/Derpibooru.php on line 78
[19-Jan-2016 21:26:56 UTC] PHP Notice:  Undefined index: key in /home/member/ripp_/public_html/tgphpc/Derpibooru/Derpibooru.php on line 78
[19-Jan-2016 21:27:01 UTC] PHP Notice:  Undefined index: key in /home/member/ripp_/public_html/tgphpc/Derpibooru/Derpibooru.php on line 78
[19-Jan-2016 21:28:02 UTC] PHP Notice:  Undefined index: key in /home/member/ripp_/public_html/tgphpc/Derpibooru/Derpibooru.php on line 78
[19-Jan-2016 21:28:06 UTC] PHP Notice:  Undefined index: key in /home/member/ripp_/public_html/tgphpc/Derpibooru/Derpibooru.php on line 78
[19-Jan-2016 21:28:07 UTC] PHP Notice:  Undefined index: key in /home/member/ripp_/public_html/tgphpc/Derpibooru/Derpibooru.php on line 78
[19-Jan-2016 21:28:08 UTC] PHP Notice:  Undefined index: key in /home/member/ripp_/public_html/tgphpc/Derpibooru/Derpibooru.php on line 78
[19-Jan-2016 21:28:09 UTC] PHP Notice:  Undefined index: key in /home/member/ripp_/public_html/tgphpc/Derpibooru/Derpibooru.php on line 78
[19-Jan-2016 21:28:10 UTC] PHP Notice:  Undefined index: key in /home/member/ripp_/public_html/tgphpc/Derpibooru/Derpibooru.php on line 78
[19-Jan-2016 21:28:15 UTC] PHP Notice:  Undefined index: key in /home/member/ripp_/public_html/tgphpc/Derpibooru/Derpibooru.php on line 78
[19-Jan-2016 21:28:16 UTC] PHP Notice:  Undefined index: key in /home/member/ripp_/public_html/tgphpc/Derpibooru/Derpibooru.php on line 78
[19-Jan-2016 21:34:14 UTC] PHP Notice:  Undefined index: key in /home/member/ripp_/public_html/tgphpc/Derpibooru/Derpibooru.php on line 78
[19-Jan-2016 21:34:27 UTC] PHP Notice:  Undefined index: key in /home/member/ripp_/public_html/tgphpc/Derpibooru/Derpibooru.php on line 78
[19-Jan-2016 21:41:16 UTC] PHP Notice:  Undefined index: key in /home/member/ripp_/public_html/tgphpc/Derpibooru/Derpibooru.php on line 78
[19-Jan-2016 21:41:18 UTC] PHP Notice:  Undefined index: key in /home/member/ripp_/public_html/tgphpc/Derpibooru/Derpibooru.php on line 78
[19-Jan-2016 21:41:20 UTC] PHP Notice:  Undefined index: key in /home/member/ripp_/public_html/tgphpc/Derpibooru/Derpibooru.php on line 78
[19-Jan-2016 21:41:20 UTC] PHP Notice:  Undefined index: key in /home/member/ripp_/public_html/tgphpc/Derpibooru/Derpibooru.php on line 78
[19-Jan-2016 21:41:42 UTC] PHP Notice:  Undefined index: key in /home/member/ripp_/public_html/tgphpc/Derpibooru/Derpibooru.php on line 78
[19-Jan-2016 21:41:48 UTC] PHP Notice:  Undefined index: key in /home/member/ripp_/public_html/tgphpc/Derpibooru/Derpibooru.php on line 78
[19-Jan-2016 21:41:57 UTC] PHP Notice:  Undefined index: key in /home/member/ripp_/public_html/tgphpc/Derpibooru/Derpibooru.php on line 78
[19-Jan-2016 21:42:02 UTC] PHP Notice:  Undefined index: key in /home/member/ripp_/public_html/tgphpc/Derpibooru/Derpibooru.php on line 78
[19-Jan-2016 21:42:19 UTC] PHP Notice:  Undefined index: key in /home/member/ripp_/public_html/tgphpc/Derpibooru/Derpibooru.php on line 78
[19-Jan-2016 21:50:09 UTC] PHP Notice:  Undefined index: key in /home/member/ripp_/public_html/tgphpc/Derpibooru/Derpibooru.php on line 78
[19-Jan-2016 21:50:11 UTC] PHP Notice:  Undefined index: key in /home/member/ripp_/public_html/tgphpc/Derpibooru/Derpibooru.php on line 78
[19-Jan-2016 21:50:12 UTC] PHP Notice:  Undefined index: key in /home/member/ripp_/public_html/tgphpc/Derpibooru/Derpibooru.php on line 78
[19-Jan-2016 21:50:13 UTC] PHP Notice:  Undefined index: key in /home/member/ripp_/public_html/tgphpc/Derpibooru/Derpibooru.php on line 78
[19-Jan-2016 21:50:49 UTC] PHP Notice:  Undefined index: key in /home/member/ripp_/public_html/tgphpc/Derpibooru/Derpibooru.php on line 78
[19-Jan-2016 21:51:22 UTC] PHP Notice:  Undefined index: key in /home/member/ripp_/public_html/tgphpc/Derpibooru/Derpibooru.php on line 78
[20-Jan-2016 05:05:54 UTC] PHP Notice:  Undefined variable: page in /home/member/ripp_/public_html/tgphpc/Derpibooru/Derpibooru.php on line 120
[20-Jan-2016 05:06:17 UTC] PHP Notice:  Undefined index: text in /home/member/ripp_/public_html/tgphpc/Tg.php on line 163
[21-Jan-2016 09:52:54 UTC] PHP Notice:  Undefined variable: page in /home/member/ripp_/public_html/tgphpc/Derpibooru/Derpibooru.php on line 120
[21-Jan-2016 09:52:54 UTC] PHP Notice:  Undefined index: key in /home/member/ripp_/public_html/tgphpc/Derpibooru/Derpibooru.php on line 121
[21-Jan-2016 09:52:54 UTC] PHP Notice:  Undefined index: key in /home/member/ripp_/public_html/tgphpc/Derpibooru/Derpibooru.php on line 78
[21-Jan-2016 09:52:56 UTC] PHP Notice:  Undefined index: key in /home/member/ripp_/public_html/tgphpc/Derpibooru/Derpibooru.php on line 78
[21-Jan-2016 09:52:57 UTC] PHP Notice:  Undefined index: key in /home/member/ripp_/public_html/tgphpc/Derpibooru/Derpibooru.php on line 78
[21-Jan-2016 10:40:58 UTC] PHP Notice:  Undefined variable: page in /home/member/ripp_/public_html/tgphpc/Derpibooru/Derpibooru.php on line 120
[22-Jan-2016 19:32:57 UTC] PHP Notice:  Undefined variable: page in /home/member/ripp_/public_html/tgphpc/Derpibooru/Derpibooru.php on line 120
[22-Jan-2016 19:33:57 UTC] PHP Notice:  Undefined variable: page in /home/member/ripp_/public_html/tgphpc/Derpibooru/Derpibooru.php on line 120
[22-Jan-2016 19:33:57 UTC] PHP Notice:  Undefined index: key in /home/member/ripp_/public_html/tgphpc/Derpibooru/Derpibooru.php on line 121
[22-Jan-2016 19:33:57 UTC] PHP Notice:  Undefined index: key in /home/member/ripp_/public_html/tgphpc/Derpibooru/Derpibooru.php on line 78
[22-Jan-2016 19:34:05 UTC] PHP Notice:  Undefined index: key in /home/member/ripp_/public_html/tgphpc/Derpibooru/Derpibooru.php on line 78
[22-Jan-2016 19:34:05 UTC] PHP Notice:  Undefined index: key in /home/member/ripp_/public_html/tgphpc/Derpibooru/Derpibooru.php on line 78
[22-Jan-2016 19:39:44 UTC] PHP Notice:  Undefined variable: page in /home/member/ripp_/public_html/tgphpc/Derpibooru/Derpibooru.php on line 120
[22-Jan-2016 19:41:22 UTC] PHP Notice:  Undefined variable: page in /home/member/ripp_/public_html/tgphpc/Derpibooru/Derpibooru.php on line 120
[22-Jan-2016 19:41:22 UTC] PHP Notice:  Undefined index: key in /home/member/ripp_/public_html/tgphpc/Derpibooru/Derpibooru.php on line 121
[22-Jan-2016 19:41:22 UTC] PHP Notice:  Undefined index: key in /home/member/ripp_/public_html/tgphpc/Derpibooru/Derpibooru.php on line 78
[22-Jan-2016 19:46:08 UTC] PHP Notice:  Undefined variable: page in /home/member/ripp_/public_html/tgphpc/Derpibooru/Derpibooru.php on line 120
[22-Jan-2016 19:46:41 UTC] PHP Notice:  Undefined variable: page in /home/member/ripp_/public_html/tgphpc/Derpibooru/Derpibooru.php on line 120
[22-Jan-2016 19:46:41 UTC] PHP Notice:  Undefined index: key in /home/member/ripp_/public_html/tgphpc/Derpibooru/Derpibooru.php on line 121
[22-Jan-2016 19:46:41 UTC] PHP Notice:  Undefined index: key in /home/member/ripp_/public_html/tgphpc/Derpibooru/Derpibooru.php on line 78
[22-Jan-2016 20:43:54 UTC] PHP Notice:  Undefined variable: page in /home/member/ripp_/public_html/tgphpc/Derpibooru/Derpibooru.php on line 120
[22-Jan-2016 20:43:54 UTC] PHP Notice:  Undefined index: key in /home/member/ripp_/public_html/tgphpc/Derpibooru/Derpibooru.php on line 121
[22-Jan-2016 20:43:54 UTC] PHP Notice:  Undefined index: key in /home/member/ripp_/public_html/tgphpc/Derpibooru/Derpibooru.php on line 78
[22-Jan-2016 20:45:00 UTC] PHP Notice:  Undefined index: key in /home/member/ripp_/public_html/tgphpc/Derpibooru/Derpibooru.php on line 78
[22-Jan-2016 20:45:03 UTC] PHP Notice:  Undefined index: key in /home/member/ripp_/public_html/tgphpc/Derpibooru/Derpibooru.php on line 78
[22-Jan-2016 20:45:45 UTC] PHP Notice:  Undefined index: key in /home/member/ripp_/public_html/tgphpc/Derpibooru/Derpibooru.php on line 78
[22-Jan-2016 20:47:02 UTC] PHP Notice:  Undefined index: key in /home/member/ripp_/public_html/tgphpc/Derpibooru/Derpibooru.php on line 78
[22-Jan-2016 20:47:03 UTC] PHP Notice:  Undefined variable: page in /home/member/ripp_/public_html/tgphpc/Derpibooru/Derpibooru.php on line 120
[22-Jan-2016 20:47:03 UTC] PHP Notice:  Undefined index: key in /home/member/ripp_/public_html/tgphpc/Derpibooru/Derpibooru.php on line 121
[22-Jan-2016 20:47:03 UTC] PHP Notice:  Undefined index: key in /home/member/ripp_/public_html/tgphpc/Derpibooru/Derpibooru.php on line 78
[22-Jan-2016 20:47:04 UTC] PHP Notice:  Undefined index: key in /home/member/ripp_/public_html/tgphpc/Derpibooru/Derpibooru.php on line 78
[22-Jan-2016 20:47:09 UTC] PHP Notice:  Undefined index: key in /home/member/ripp_/public_html/tgphpc/Derpibooru/Derpibooru.php on line 78
[22-Jan-2016 20:47:12 UTC] PHP Notice:  Undefined index: key in /home/member/ripp_/public_html/tgphpc/Derpibooru/Derpibooru.php on line 78
[22-Jan-2016 20:47:13 UTC] PHP Notice:  Undefined index: key in /home/member/ripp_/public_html/tgphpc/Derpibooru/Derpibooru.php on line 78
[22-Jan-2016 20:47:17 UTC] PHP Notice:  Undefined index: key in /home/member/ripp_/public_html/tgphpc/Derpibooru/Derpibooru.php on line 78
[22-Jan-2016 20:47:32 UTC] PHP Notice:  Undefined index: key in /home/member/ripp_/public_html/tgphpc/Derpibooru/Derpibooru.php on line 78
[22-Jan-2016 20:47:33 UTC] PHP Notice:  Undefined index: key in /home/member/ripp_/public_html/tgphpc/Derpibooru/Derpibooru.php on line 78
[22-Jan-2016 21:48:07 UTC] PHP Notice:  Undefined variable: page in /home/member/ripp_/public_html/tgphpc/Derpibooru/Derpibooru.php on line 120
[22-Jan-2016 21:48:07 UTC] PHP Notice:  Undefined index: key in /home/member/ripp_/public_html/tgphpc/Derpibooru/Derpibooru.php on line 121
[22-Jan-2016 21:48:07 UTC] PHP Notice:  Undefined index: key in /home/member/ripp_/public_html/tgphpc/Derpibooru/Derpibooru.php on line 78
[22-Jan-2016 22:11:57 UTC] PHP Notice:  Undefined variable: page in /home/member/ripp_/public_html/tgphpc/Derpibooru/Derpibooru.php on line 120
[22-Jan-2016 22:17:07 UTC] PHP Notice:  Undefined variable: page in /home/member/ripp_/public_html/tgphpc/Derpibooru/Derpibooru.php on line 120
[22-Jan-2016 22:17:07 UTC] PHP Notice:  Undefined variable: page in /home/member/ripp_/public_html/tgphpc/Derpibooru/Derpibooru.php on line 120
[22-Jan-2016 22:48:24 UTC] PHP Notice:  Undefined variable: page in /home/member/ripp_/public_html/tgphpc/Derpibooru/Derpibooru.php on line 120
[22-Jan-2016 22:48:24 UTC] PHP Notice:  Undefined index: key in /home/member/ripp_/public_html/tgphpc/Derpibooru/Derpibooru.php on line 121
[22-Jan-2016 22:48:24 UTC] PHP Notice:  Undefined index: key in /home/member/ripp_/public_html/tgphpc/Derpibooru/Derpibooru.php on line 78
[23-Jan-2016 03:05:39 UTC] PHP Notice:  Undefined variable: page in /home/member/ripp_/public_html/tgphpc/Derpibooru/Derpibooru.php on line 120
[23-Jan-2016 14:24:52 UTC] PHP Notice:  Undefined variable: page in /home/member/ripp_/public_html/tgphpc/Derpibooru/Derpibooru.php on line 120
[23-Jan-2016 14:24:52 UTC] PHP Notice:  Undefined index: key in /home/member/ripp_/public_html/tgphpc/Derpibooru/Derpibooru.php on line 121
[23-Jan-2016 14:24:52 UTC] PHP Notice:  Undefined index: key in /home/member/ripp_/public_html/tgphpc/Derpibooru/Derpibooru.php on line 78
[23-Jan-2016 14:24:56 UTC] PHP Notice:  Undefined index: key in /home/member/ripp_/public_html/tgphpc/Derpibooru/Derpibooru.php on line 78
[23-Jan-2016 14:25:21 UTC] PHP Notice:  Undefined index: key in /home/member/ripp_/public_html/tgphpc/Derpibooru/Derpibooru.php on line 78
[23-Jan-2016 14:25:26 UTC] PHP Notice:  Undefined index: key in /home/member/ripp_/public_html/tgphpc/Derpibooru/Derpibooru.php on line 78
[23-Jan-2016 14:28:29 UTC] PHP Notice:  Undefined index: key in /home/member/ripp_/public_html/tgphpc/Derpibooru/Derpibooru.php on line 78
[23-Jan-2016 14:28:31 UTC] PHP Notice:  Undefined index: key in /home/member/ripp_/public_html/tgphpc/Derpibooru/Derpibooru.php on line 78
[23-Jan-2016 14:53:55 UTC] PHP Notice:  Undefined variable: page in /home/member/ripp_/public_html/tgphpc/Derpibooru/Derpibooru.php on line 120
[23-Jan-2016 14:53:55 UTC] PHP Notice:  Undefined index: key in /home/member/ripp_/public_html/tgphpc/Derpibooru/Derpibooru.php on line 121
[23-Jan-2016 14:53:55 UTC] PHP Notice:  Undefined index: key in /home/member/ripp_/public_html/tgphpc/Derpibooru/Derpibooru.php on line 78
[23-Jan-2016 14:53:56 UTC] PHP Notice:  Undefined index: key in /home/member/ripp_/public_html/tgphpc/Derpibooru/Derpibooru.php on line 78
[23-Jan-2016 14:53:57 UTC] PHP Notice:  Undefined index: key in /home/member/ripp_/public_html/tgphpc/Derpibooru/Derpibooru.php on line 78
[23-Jan-2016 14:53:59 UTC] PHP Notice:  Undefined index: key in /home/member/ripp_/public_html/tgphpc/Derpibooru/Derpibooru.php on line 78
[23-Jan-2016 14:54:00 UTC] PHP Notice:  Undefined index: key in /home/member/ripp_/public_html/tgphpc/Derpibooru/Derpibooru.php on line 78
[23-Jan-2016 14:54:18 UTC] PHP Notice:  Undefined index: key in /home/member/ripp_/public_html/tgphpc/Derpibooru/Derpibooru.php on line 78
[23-Jan-2016 14:54:19 UTC] PHP Notice:  Undefined index: key in /home/member/ripp_/public_html/tgphpc/Derpibooru/Derpibooru.php on line 78
[23-Jan-2016 14:54:20 UTC] PHP Notice:  Undefined index: key in /home/member/ripp_/public_html/tgphpc/Derpibooru/Derpibooru.php on line 78
[23-Jan-2016 14:54:22 UTC] PHP Notice:  Undefined index: key in /home/member/ripp_/public_html/tgphpc/Derpibooru/Derpibooru.php on line 78
[23-Jan-2016 14:54:24 UTC] PHP Notice:  Undefined index: key in /home/member/ripp_/public_html/tgphpc/Derpibooru/Derpibooru.php on line 78
[23-Jan-2016 14:54:29 UTC] PHP Notice:  Undefined index: key in /home/member/ripp_/public_html/tgphpc/Derpibooru/Derpibooru.php on line 78
[23-Jan-2016 14:54:32 UTC] PHP Notice:  Undefined index: key in /home/member/ripp_/public_html/tgphpc/Derpibooru/Derpibooru.php on line 78
[23-Jan-2016 14:54:32 UTC] PHP Notice:  Undefined index: key in /home/member/ripp_/public_html/tgphpc/Derpibooru/Derpibooru.php on line 78
[23-Jan-2016 14:55:16 UTC] PHP Notice:  Undefined index: key in /home/member/ripp_/public_html/tgphpc/Derpibooru/Derpibooru.php on line 78
[24-Jan-2016 21:20:43 UTC] PHP Notice:  Undefined variable: page in /home/member/ripp_/public_html/tgphpc/Derpibooru/Derpibooru.php on line 120
[24-Jan-2016 21:20:43 UTC] PHP Notice:  Undefined index: key in /home/member/ripp_/public_html/tgphpc/Derpibooru/Derpibooru.php on line 121
[24-Jan-2016 21:20:43 UTC] PHP Notice:  Undefined index: key in /home/member/ripp_/public_html/tgphpc/Derpibooru/Derpibooru.php on line 78
[24-Jan-2016 21:20:44 UTC] PHP Notice:  Undefined index: key in /home/member/ripp_/public_html/tgphpc/Derpibooru/Derpibooru.php on line 78
[24-Jan-2016 21:20:46 UTC] PHP Notice:  Undefined index: key in /home/member/ripp_/public_html/tgphpc/Derpibooru/Derpibooru.php on line 78
[24-Jan-2016 21:20:48 UTC] PHP Notice:  Undefined index: key in /home/member/ripp_/public_html/tgphpc/Derpibooru/Derpibooru.php on line 78
[24-Jan-2016 21:20:48 UTC] PHP Notice:  Undefined index: key in /home/member/ripp_/public_html/tgphpc/Derpibooru/Derpibooru.php on line 78
[24-Jan-2016 21:20:59 UTC] PHP Notice:  Undefined index: key in /home/member/ripp_/public_html/tgphpc/Derpibooru/Derpibooru.php on line 78
[24-Jan-2016 21:21:10 UTC] PHP Notice:  Undefined index: key in /home/member/ripp_/public_html/tgphpc/Derpibooru/Derpibooru.php on line 78
[24-Jan-2016 21:21:12 UTC] PHP Notice:  Undefined index: key in /home/member/ripp_/public_html/tgphpc/Derpibooru/Derpibooru.php on line 78
[24-Jan-2016 21:21:17 UTC] PHP Notice:  Undefined index: key in /home/member/ripp_/public_html/tgphpc/Derpibooru/Derpibooru.php on line 78
[24-Jan-2016 21:21:18 UTC] PHP Notice:  Undefined index: key in /home/member/ripp_/public_html/tgphpc/Derpibooru/Derpibooru.php on line 78
[24-Jan-2016 21:21:21 UTC] PHP Notice:  Undefined index: key in /home/member/ripp_/public_html/tgphpc/Derpibooru/Derpibooru.php on line 78
[24-Jan-2016 21:21:30 UTC] PHP Notice:  Undefined index: key in /home/member/ripp_/public_html/tgphpc/Derpibooru/Derpibooru.php on line 78
[24-Jan-2016 21:34:18 UTC] PHP Notice:  Undefined variable: page in /home/member/ripp_/public_html/tgphpc/Derpibooru/Derpibooru.php on line 120
[24-Jan-2016 21:49:29 UTC] PHP Notice:  Undefined variable: page in /home/member/ripp_/public_html/tgphpc/Derpibooru/Derpibooru.php on line 120
[25-Jan-2016 06:27:53 UTC] PHP Notice:  Undefined variable: page in /home/member/ripp_/public_html/tgphpc/Derpibooru/Derpibooru.php on line 120
[26-Jan-2016 21:18:51 UTC] PHP Notice:  Undefined variable: page in /home/member/ripp_/public_html/tgphpc/Derpibooru/Derpibooru.php on line 120
[26-Jan-2016 23:46:57 UTC] PHP Notice:  Undefined variable: docString in /home/member/ripp_/public_html/tgphpc/Tg.php on line 374
[26-Jan-2016 23:46:57 UTC] PHP Notice:  Undefined variable: docString in /home/member/ripp_/public_html/tgphpc/Tg.php on line 374
[26-Jan-2016 23:46:57 UTC] PHP Notice:  Undefined variable: docString in /home/member/ripp_/public_html/tgphpc/Tg.php on line 374
[26-Jan-2016 23:46:57 UTC] PHP Notice:  Undefined variable: docString in /home/member/ripp_/public_html/tgphpc/Tg.php on line 374
[26-Jan-2016 23:46:57 UTC] PHP Notice:  Undefined variable: docString in /home/member/ripp_/public_html/tgphpc/Tg.php on line 374
[26-Jan-2016 23:46:57 UTC] PHP Notice:  Undefined variable: docString in /home/member/ripp_/public_html/tgphpc/Tg.php on line 374
[26-Jan-2016 23:46:57 UTC] PHP Notice:  Undefined variable: docString in /home/member/ripp_/public_html/tgphpc/Tg.php on line 374
[26-Jan-2016 23:46:57 UTC] PHP Notice:  Undefined variable: docString in /home/member/ripp_/public_html/tgphpc/Tg.php on line 374
[26-Jan-2016 23:46:57 UTC] PHP Notice:  Undefined variable: docString in /home/member/ripp_/public_html/tgphpc/Tg.php on line 374
[27-Jan-2016 10:48:13 UTC] PHP Notice:  Undefined variable: page in /home/member/ripp_/public_html/tgphpc/Derpibooru/Derpibooru.php on line 120
[27-Jan-2016 10:48:13 UTC] PHP Notice:  Undefined index: key in /home/member/ripp_/public_html/tgphpc/Derpibooru/Derpibooru.php on line 121
[27-Jan-2016 10:48:13 UTC] PHP Notice:  Undefined index: key in /home/member/ripp_/public_html/tgphpc/Derpibooru/Derpibooru.php on line 78
[27-Jan-2016 10:48:14 UTC] PHP Notice:  Undefined variable: page in /home/member/ripp_/public_html/tgphpc/Derpibooru/Derpibooru.php on line 120
[27-Jan-2016 10:48:14 UTC] PHP Notice:  Undefined index: key in /home/member/ripp_/public_html/tgphpc/Derpibooru/Derpibooru.php on line 121
[27-Jan-2016 10:48:14 UTC] PHP Notice:  Undefined index: key in /home/member/ripp_/public_html/tgphpc/Derpibooru/Derpibooru.php on line 78
[27-Jan-2016 10:48:17 UTC] PHP Notice:  Undefined index: key in /home/member/ripp_/public_html/tgphpc/Derpibooru/Derpibooru.php on line 78
[27-Jan-2016 10:48:19 UTC] PHP Notice:  Undefined index: key in /home/member/ripp_/public_html/tgphpc/Derpibooru/Derpibooru.php on line 78
[27-Jan-2016 10:48:26 UTC] PHP Notice:  Undefined index: key in /home/member/ripp_/public_html/tgphpc/Derpibooru/Derpibooru.php on line 78
[27-Jan-2016 10:48:29 UTC] PHP Notice:  Undefined index: key in /home/member/ripp_/public_html/tgphpc/Derpibooru/Derpibooru.php on line 78
[27-Jan-2016 10:48:29 UTC] PHP Notice:  Undefined index: key in /home/member/ripp_/public_html/tgphpc/Derpibooru/Derpibooru.php on line 78
[27-Jan-2016 10:48:30 UTC] PHP Notice:  Undefined index: key in /home/member/ripp_/public_html/tgphpc/Derpibooru/Derpibooru.php on line 78
[27-Jan-2016 10:48:31 UTC] PHP Notice:  Undefined index: key in /home/member/ripp_/public_html/tgphpc/Derpibooru/Derpibooru.php on line 78
[27-Jan-2016 10:48:39 UTC] PHP Notice:  Undefined index: key in /home/member/ripp_/public_html/tgphpc/Derpibooru/Derpibooru.php on line 78
[27-Jan-2016 10:48:48 UTC] PHP Notice:  Undefined index: key in /home/member/ripp_/public_html/tgphpc/Derpibooru/Derpibooru.php on line 78
